#
# A fatal error has been detected by the Java Runtime Environment:
#
#  EXCEPTION_ACCESS_VIOLATION (0xc0000005) at pc=0x000000006e9cbbb1, pid=4656, tid=0x0000000000000de8
#
# JRE version: Java(TM) SE Runtime Environment (8.0_221-b11) (build 1.8.0_221-b11)
# Java VM: Java HotSpot(TM) 64-Bit Server VM (25.221-b11 mixed mode windows-amd64 compressed oops)
# Problematic frame:
# C  [gdx-box2d64.dll+0xbbb1]
#
# Failed to write core dump. Minidumps are not enabled by default on client versions of Windows
#
# If you would like to submit a bug report, please visit:
#   http://bugreport.java.com/bugreport/crash.jsp
# The crash happened outside the Java Virtual Machine in native code.
# See problematic frame for where to report the bug.
#

---------------  T H R E A D  ---------------

Current thread (0x0000000015519000):  JavaThread "LWJGL Application" [_thread_in_native, id=3560, stack(0x0000000016220000,0x0000000016320000)]

siginfo: ExceptionCode=0xc0000005, reading address 0x00000002150d7960

Registers:
RAX=0x000000006ea10060, RBX=0x00000002150d7960, RCX=0x0000000015093170, RDX=0x00000000000000b8
RSP=0x000000001631ed30, RBP=0x00000000150931a0, RSI=0x0000000015093170, RDI=0x000000001631edf0
R8 =0x0000000015093170, R9 =0x0000000000000002, R10=0x0000000000000000, R11=0x0000000000000001
R12=0x0000000000000000, R13=0x0000000000000006, R14=0x000000001631efe0, R15=0x0000000015519000
RIP=0x000000006e9cbbb1, EFLAGS=0x0000000000010206

Top of Stack: (sp=0x000000001631ed30)
0x000000001631ed30:   0000000018de99d0 0000000015519000
0x000000001631ed40:   000000006d751548 000000001557b710
0x000000001631ed50:   0000000000000001 0000000015093170
0x000000001631ed60:   000000001631edf0 000000001631ef38
0x000000001631ed70:   0000000000000000 0000000018de99d0
0x000000001631ed80:   000000001631efe0 000000006e9e1163
0x000000001631ed90:   000000001631ee30 000000001631ee30
0x000000001631eda0:   0000000100000003 0000000018de99d0
0x000000001631edb0:   0000000000000001 0000000012db0480
0x000000001631edc0:   0000000000074770 000000006e9e6a36
0x000000001631edd0:   0000000000000000 0000000000074770
0x000000001631ede0:   000000001631ef38 00000000026c5798
0x000000001631edf0:   4070a3d700000002 000000003f6147ae
0x000000001631ee00:   0000000000000000 0000000000000000
0x000000001631ee10:   0000010100000000 000000001631ef01
0x000000001631ee20:   0000000000000000 000000003f800000 

Instructions: (pc=0x000000006e9cbbb1)
0x000000006e9cbb91:   05 ca 44 04 00 44 0f b6 2c 18 41 80 fd 0d 4c 89
0x000000006e9cbba1:   eb 77 2c 48 8d 2c de 48 8b 5d 10 48 85 db 74 45
0x000000006e9cbbb1:   48 8b 03 48 89 45 10 48 89 d8 48 83 c4 20 5b 5e
0x000000006e9cbbc1:   5f 5d 41 5c 41 5d 41 5e c3 66 0f 1f 44 00 00 48 


Register to memory mapping:

RAX=0x000000006ea10060 is an unknown value
RBX=0x00000002150d7960 is an unknown value
RCX=0x0000000015093170 is an unknown value
RDX=0x00000000000000b8 is an unknown value
RSP=0x000000001631ed30 is pointing into the stack for thread: 0x0000000015519000
RBP=0x00000000150931a0 is an unknown value
RSI=0x0000000015093170 is an unknown value
RDI=0x000000001631edf0 is pointing into the stack for thread: 0x0000000015519000
R8 =0x0000000015093170 is an unknown value
R9 =0x0000000000000002 is an unknown value
R10=0x0000000000000000 is an unknown value
R11=0x0000000000000001 is an unknown value
R12=0x0000000000000000 is an unknown value
R13=0x0000000000000006 is an unknown value
R14=0x000000001631efe0 is pointing into the stack for thread: 0x0000000015519000
R15=0x0000000015519000 is a thread


Stack: [0x0000000016220000,0x0000000016320000],  sp=0x000000001631ed30,  free space=1019k
Native frames: (J=compiled Java code, j=interpreted, Vv=VM code, C=native code)
C  [gdx-box2d64.dll+0xbbb1]
C  [gdx-box2d64.dll+0x21163]
C  [gdx-box2d64.dll+0x26a36]
C  0x00000000026d86c7

Java frames: (J=compiled Java code, j=interpreted, Vv=VM code)
j  com.badlogic.gdx.physics.box2d.World.jniCreateBody(JIFFFFFFFFZZZZZF)J+0
j  com.badlogic.gdx.physics.box2d.World.createBody(Lcom/badlogic/gdx/physics/box2d/BodyDef;)Lcom/badlogic/gdx/physics/box2d/Body;+80
j  com.game.mariobros.sprites.items.Mushroom.defineItem()V+37
j  com.game.mariobros.sprites.items.Item.<init>(Lcom/game/mariobros/screens/PlayerScreen;FF)V+40
J 1231 C1 com.game.mariobros.screens.PlayerScreen.handleSpawningItems()V (60 bytes) @ 0x0000000002b32c64 [0x0000000002b32840+0x424]
J 1185 C1 com.game.mariobros.screens.PlayerScreen.update(F)V (170 bytes) @ 0x0000000002b032a4 [0x0000000002b031c0+0xe4]
J 1186 C1 com.game.mariobros.screens.PlayerScreen.render(F)V (231 bytes) @ 0x0000000002b07c0c [0x0000000002b07b60+0xac]
J 1261 C1 com.game.mariobros.MarioBros.render()V (5 bytes) @ 0x0000000002b5b1fc [0x0000000002b5b020+0x1dc]
j  com.badlogic.gdx.backends.lwjgl.LwjglApplication.mainLoop()V+770
j  com.badlogic.gdx.backends.lwjgl.LwjglApplication$1.run()V+27
v  ~StubRoutines::call_stub

---------------  P R O C E S S  ---------------

Java Threads: ( => current thread )
  0x000000001577e000 JavaThread "LWJGL Timer" daemon [_thread_blocked, id=668, stack(0x00000000193f0000,0x00000000194f0000)]
  0x000000001588a000 JavaThread "AssetManager" daemon [_thread_blocked, id=4552, stack(0x0000000018ce0000,0x0000000018de0000)]
  0x00000000024d4000 JavaThread "DestroyJavaVM" [_thread_blocked, id=2460, stack(0x0000000002190000,0x0000000002290000)]
=>0x0000000015519000 JavaThread "LWJGL Application" [_thread_in_native, id=3560, stack(0x0000000016220000,0x0000000016320000)]
  0x0000000014841000 JavaThread "Service Thread" daemon [_thread_blocked, id=4320, stack(0x0000000014e40000,0x0000000014f40000)]
  0x00000000147d9800 JavaThread "C1 CompilerThread1" daemon [_thread_blocked, id=4484, stack(0x0000000014d40000,0x0000000014e40000)]
  0x00000000147c8800 JavaThread "C2 CompilerThread0" daemon [_thread_blocked, id=3436, stack(0x0000000014c40000,0x0000000014d40000)]
  0x00000000137ad800 JavaThread "Monitor Ctrl-Break" daemon [_thread_in_native, id=3796, stack(0x0000000014b40000,0x0000000014c40000)]
  0x0000000013713000 JavaThread "Attach Listener" daemon [_thread_blocked, id=5048, stack(0x0000000014640000,0x0000000014740000)]
  0x000000001370e800 JavaThread "Signal Dispatcher" daemon [_thread_blocked, id=1856, stack(0x0000000014540000,0x0000000014640000)]
  0x00000000025ca000 JavaThread "Finalizer" daemon [_thread_blocked, id=4360, stack(0x0000000014350000,0x0000000014450000)]
  0x00000000136f8000 JavaThread "Reference Handler" daemon [_thread_blocked, id=1848, stack(0x0000000014250000,0x0000000014350000)]

Other Threads:
  0x00000000136d6800 VMThread [stack: 0x0000000014150000,0x0000000014250000] [id=2680]
  0x00000000148cd800 WatcherThread [stack: 0x0000000014f40000,0x0000000015040000] [id=2456]

VM state:not at safepoint (normal execution)

VM Mutex/Monitor currently owned by a thread: None

heap address: 0x00000000e1a00000, size: 486 MB, Compressed Oops mode: 32-bit
Narrow klass base: 0x0000000000000000, Narrow klass shift: 3
Compressed class space size: 1073741824 Address: 0x0000000100000000

Heap:
 PSYoungGen      total 9728K, used 8720K [0x00000000f5e00000, 0x00000000f6880000, 0x0000000100000000)
  eden space 8704K, 88% used [0x00000000f5e00000,0x00000000f65883f8,0x00000000f6680000)
  from space 1024K, 98% used [0x00000000f6680000,0x00000000f677bf58,0x00000000f6780000)
  to   space 1024K, 0% used [0x00000000f6780000,0x00000000f6780000,0x00000000f6880000)
 ParOldGen       total 22016K, used 5841K [0x00000000e1a00000, 0x00000000e2f80000, 0x00000000f5e00000)
  object space 22016K, 26% used [0x00000000e1a00000,0x00000000e1fb4470,0x00000000e2f80000)
 Metaspace       used 9815K, capacity 9919K, committed 10240K, reserved 1058816K
  class space    used 924K, capacity 948K, committed 1024K, reserved 1048576K

Card table byte_map: [0x0000000011a80000,0x0000000011b80000] byte_map_base: 0x0000000011373000

Marking Bits: (ParMarkBitMap*) 0x000000006d935ce0
 Begin Bits: [0x0000000011d80000, 0x0000000012518000)
 End Bits:   [0x0000000012518000, 0x0000000012cb0000)

Polling page: 0x0000000000920000

CodeCache: size=245760Kb used=5053Kb max_used=5064Kb free=240706Kb
 bounds [0x00000000026c0000, 0x0000000002bc0000, 0x00000000116c0000]
 total_blobs=1838 nmethods=1324 adapters=428
 compilation: enabled

Compilation events (10 events):
Event: 19.741 Thread 0x00000000147d9800 1320       3       java.util.Formatter$FormatSpecifier::justify (105 bytes)
Event: 19.744 Thread 0x00000000147d9800 nmethod 1320 0x0000000002bb0c50 code [0x0000000002bb0f00, 0x0000000002bb2358]
Event: 19.744 Thread 0x00000000147d9800 1321       3       java.lang.StringBuilder::append (6 bytes)
Event: 19.744 Thread 0x00000000147d9800 nmethod 1321 0x0000000002b94210 code [0x0000000002b94380, 0x0000000002b945e8]
Event: 19.744 Thread 0x00000000147d9800 1322       3       java.lang.StringBuilder::append (8 bytes)
Event: 19.744 Thread 0x00000000147d9800 nmethod 1322 0x0000000002bb3090 code [0x0000000002bb3200, 0x0000000002bb3388]
Event: 19.744 Thread 0x00000000147d9800 1323       3       java.lang.AbstractStringBuilder::append (54 bytes)
Event: 19.745 Thread 0x00000000147d9800 nmethod 1323 0x0000000002bb3410 code [0x0000000002bb35e0, 0x0000000002bb3ee8]
Event: 19.816 Thread 0x00000000147c8800 1324       4       com.badlogic.gdx.graphics.g2d.Sprite::setRegion (64 bytes)
Event: 19.824 Thread 0x00000000147c8800 nmethod 1324 0x0000000002bb6f50 code [0x0000000002bb70a0, 0x0000000002bb73b8]

GC Heap History (6 events):
Event: 4.461 GC heap before
{Heap before GC invocations=1 (full 0):
 PSYoungGen      total 9728K, used 8704K [0x00000000f5e00000, 0x00000000f6880000, 0x0000000100000000)
  eden space 8704K, 100% used [0x00000000f5e00000,0x00000000f6680000,0x00000000f6680000)
  from space 1024K, 0% used [0x00000000f6780000,0x00000000f6780000,0x00000000f6880000)
  to   space 1024K, 0% used [0x00000000f6680000,0x00000000f6680000,0x00000000f6780000)
 ParOldGen       total 22016K, used 0K [0x00000000e1a00000, 0x00000000e2f80000, 0x00000000f5e00000)
  object space 22016K, 0% used [0x00000000e1a00000,0x00000000e1a00000,0x00000000e2f80000)
 Metaspace       used 5213K, capacity 5408K, committed 5504K, reserved 1056768K
  class space    used 560K, capacity 592K, committed 640K, reserved 1048576K
Event: 4.472 GC heap after
Heap after GC invocations=1 (full 0):
 PSYoungGen      total 9728K, used 992K [0x00000000f5e00000, 0x00000000f6880000, 0x0000000100000000)
  eden space 8704K, 0% used [0x00000000f5e00000,0x00000000f5e00000,0x00000000f6680000)
  from space 1024K, 96% used [0x00000000f6680000,0x00000000f6778020,0x00000000f6780000)
  to   space 1024K, 0% used [0x00000000f6780000,0x00000000f6780000,0x00000000f6880000)
 ParOldGen       total 22016K, used 723K [0x00000000e1a00000, 0x00000000e2f80000, 0x00000000f5e00000)
  object space 22016K, 3% used [0x00000000e1a00000,0x00000000e1ab4ed8,0x00000000e2f80000)
 Metaspace       used 5213K, capacity 5408K, committed 5504K, reserved 1056768K
  class space    used 560K, capacity 592K, committed 640K, reserved 1048576K
}
Event: 5.630 GC heap before
{Heap before GC invocations=2 (full 0):
 PSYoungGen      total 9728K, used 9696K [0x00000000f5e00000, 0x00000000f6880000, 0x0000000100000000)
  eden space 8704K, 100% used [0x00000000f5e00000,0x00000000f6680000,0x00000000f6680000)
  from space 1024K, 96% used [0x00000000f6680000,0x00000000f6778020,0x00000000f6780000)
  to   space 1024K, 0% used [0x00000000f6780000,0x00000000f6780000,0x00000000f6880000)
 ParOldGen       total 22016K, used 723K [0x00000000e1a00000, 0x00000000e2f80000, 0x00000000f5e00000)
  object space 22016K, 3% used [0x00000000e1a00000,0x00000000e1ab4ed8,0x00000000e2f80000)
 Metaspace       used 7537K, capacity 7667K, committed 7936K, reserved 1056768K
  class space    used 719K, capacity 752K, committed 768K, reserved 1048576K
Event: 5.640 GC heap after
Heap after GC invocations=2 (full 0):
 PSYoungGen      total 9728K, used 998K [0x00000000f5e00000, 0x00000000f6880000, 0x0000000100000000)
  eden space 8704K, 0% used [0x00000000f5e00000,0x00000000f5e00000,0x00000000f6680000)
  from space 1024K, 97% used [0x00000000f6780000,0x00000000f68798b0,0x00000000f6880000)
  to   space 1024K, 0% used [0x00000000f6680000,0x00000000f6680000,0x00000000f6780000)
 ParOldGen       total 22016K, used 2258K [0x00000000e1a00000, 0x00000000e2f80000, 0x00000000f5e00000)
  object space 22016K, 10% used [0x00000000e1a00000,0x00000000e1c34850,0x00000000e2f80000)
 Metaspace       used 7537K, capacity 7667K, committed 7936K, reserved 1056768K
  class space    used 719K, capacity 752K, committed 768K, reserved 1048576K
}
Event: 6.080 GC heap before
{Heap before GC invocations=3 (full 0):
 PSYoungGen      total 9728K, used 9702K [0x00000000f5e00000, 0x00000000f6880000, 0x0000000100000000)
  eden space 8704K, 100% used [0x00000000f5e00000,0x00000000f6680000,0x00000000f6680000)
  from space 1024K, 97% used [0x00000000f6780000,0x00000000f68798b0,0x00000000f6880000)
  to   space 1024K, 0% used [0x00000000f6680000,0x00000000f6680000,0x00000000f6780000)
 ParOldGen       total 22016K, used 2258K [0x00000000e1a00000, 0x00000000e2f80000, 0x00000000f5e00000)
  object space 22016K, 10% used [0x00000000e1a00000,0x00000000e1c34850,0x00000000e2f80000)
 Metaspace       used 8685K, capacity 8799K, committed 9088K, reserved 1056768K
  class space    used 844K, capacity 852K, committed 896K, reserved 1048576K
Event: 6.088 GC heap after
Heap after GC invocations=3 (full 0):
 PSYoungGen      total 9728K, used 1007K [0x00000000f5e00000, 0x00000000f6880000, 0x0000000100000000)
  eden space 8704K, 0% used [0x00000000f5e00000,0x00000000f5e00000,0x00000000f6680000)
  from space 1024K, 98% used [0x00000000f6680000,0x00000000f677bf58,0x00000000f6780000)
  to   space 1024K, 0% used [0x00000000f6780000,0x00000000f6780000,0x00000000f6880000)
 ParOldGen       total 22016K, used 5841K [0x00000000e1a00000, 0x00000000e2f80000, 0x00000000f5e00000)
  object space 22016K, 26% used [0x00000000e1a00000,0x00000000e1fb4470,0x00000000e2f80000)
 Metaspace       used 8685K, capacity 8799K, committed 9088K, reserved 1056768K
  class space    used 844K, capacity 852K, committed 896K, reserved 1048576K
}

Deoptimization events (10 events):
Event: 5.766 Thread 0x0000000015519000 Uncommon trap: reason=class_check action=maybe_recompile pc=0x0000000002938e1c method=com.badlogic.gdx.assets.AssetLoadingTask.handleAsyncLoader()V @ 4
Event: 5.937 Thread 0x0000000015519000 Uncommon trap: reason=unstable_if action=reinterpret pc=0x00000000028c7aa0 method=sun.misc.MetaIndex.mayContain(Ljava/lang/String;)Z @ 38
Event: 5.941 Thread 0x0000000015519000 Uncommon trap: reason=unstable_if action=reinterpret pc=0x00000000028c39a4 method=sun.misc.MetaIndex.mayContain(Ljava/lang/String;)Z @ 38
Event: 6.208 Thread 0x0000000015519000 Uncommon trap: reason=unstable_if action=reinterpret pc=0x00000000029a840c method=java.util.StringTokenizer.scanToken(I)I @ 7
Event: 6.208 Thread 0x0000000015519000 Uncommon trap: reason=unstable_if action=reinterpret pc=0x0000000002998200 method=java.util.StringTokenizer.skipDelimiters(I)I @ 29
Event: 6.234 Thread 0x0000000015519000 Uncommon trap: reason=unstable_if action=reinterpret pc=0x0000000002994cfc method=java.util.StringTokenizer.scanToken(I)I @ 7
Event: 11.778 Thread 0x0000000015519000 Uncommon trap: reason=unstable_if action=reinterpret pc=0x0000000002a76e3c method=com.badlogic.gdx.utils.Array.iterator()Ljava/util/Iterator; @ 20
Event: 11.778 Thread 0x0000000015519000 Uncommon trap: reason=unstable_if action=reinterpret pc=0x0000000002a750a0 method=com.badlogic.gdx.utils.Array$ArrayIterable.iterator()Ljava/util/Iterator; @ 26
Event: 11.779 Thread 0x0000000015519000 Uncommon trap: reason=unstable_if action=reinterpret pc=0x0000000002a685f8 method=com.badlogic.gdx.physics.box2d.Fixture.getShape()Lcom/badlogic/gdx/physics/box2d/Shape; @ 4
Event: 12.535 Thread 0x0000000015519000 Uncommon trap: reason=unstable_if action=reinterpret pc=0x0000000002a624b0 method=com.badlogic.gdx.physics.box2d.Box2DDebugRenderer.getColorByBody(Lcom/badlogic/gdx/physics/box2d/Body;)Lcom/badlogic/gdx/graphics/Color; @ 46

Classes redefined (0 events):
No events

Internal exceptions (10 events):
Event: 3.561 Thread 0x00000000024d4000 Exception <a 'java/lang/reflect/InvocationTargetException'> (0x00000000f62845a0) thrown at [C:\re\workspace\8-2-build-windows-amd64-cygwin\jdk8u221\13320\hotspot\src\share\vm\runtime\reflection.cpp, line 1092]
Event: 4.255 Thread 0x00000000024d4000 Exception <a 'java/security/PrivilegedActionException'> (0x00000000f64ed458) thrown at [C:\re\workspace\8-2-build-windows-amd64-cygwin\jdk8u221\13320\hotspot\src\share\vm\prims\jvm.cpp, line 1502]
Event: 4.255 Thread 0x00000000024d4000 Exception <a 'java/security/PrivilegedActionException'> (0x00000000f64ef130) thrown at [C:\re\workspace\8-2-build-windows-amd64-cygwin\jdk8u221\13320\hotspot\src\share\vm\prims\jvm.cpp, line 1502]
Event: 4.255 Thread 0x00000000024d4000 Exception <a 'java/security/PrivilegedActionException'> (0x00000000f64f02a0) thrown at [C:\re\workspace\8-2-build-windows-amd64-cygwin\jdk8u221\13320\hotspot\src\share\vm\prims\jvm.cpp, line 1502]
Event: 4.257 Thread 0x00000000024d4000 Exception <a 'java/security/PrivilegedActionException'> (0x00000000f64f57e0) thrown at [C:\re\workspace\8-2-build-windows-amd64-cygwin\jdk8u221\13320\hotspot\src\share\vm\prims\jvm.cpp, line 1502]
Event: 4.258 Thread 0x00000000024d4000 Exception <a 'java/security/PrivilegedActionException'> (0x00000000f64f6438) thrown at [C:\re\workspace\8-2-build-windows-amd64-cygwin\jdk8u221\13320\hotspot\src\share\vm\prims\jvm.cpp, line 1502]
Event: 4.258 Thread 0x00000000024d4000 Exception <a 'java/security/PrivilegedActionException'> (0x00000000f64f7060) thrown at [C:\re\workspace\8-2-build-windows-amd64-cygwin\jdk8u221\13320\hotspot\src\share\vm\prims\jvm.cpp, line 1502]
Event: 11.778 Thread 0x0000000015519000 Implicit null exception at 0x0000000002a76917 to 0x0000000002a76e15
Event: 11.778 Thread 0x0000000015519000 Implicit null exception at 0x0000000002a75024 to 0x0000000002a7508d
Event: 11.778 Thread 0x0000000015519000 Implicit null exception at 0x0000000002a65c00 to 0x0000000002a685ed

Events (10 events):
Event: 11.778 Thread 0x0000000015519000 Uncommon trap: trap_request=0xffffff65 fr.pc=0x0000000002a685f8
Event: 11.779 Thread 0x0000000015519000 DEOPT PACKING pc=0x0000000002a685f8 sp=0x000000001631f180
Event: 11.779 Thread 0x0000000015519000 DEOPT UNPACKING pc=0x000000000270583b sp=0x000000001631f120 mode 2
Event: 12.535 Thread 0x0000000015519000 Uncommon trap: trap_request=0xffffff65 fr.pc=0x0000000002a624b0
Event: 12.535 Thread 0x0000000015519000 DEOPT PACKING pc=0x0000000002a624b0 sp=0x000000001631f0d0
Event: 12.535 Thread 0x0000000015519000 DEOPT UNPACKING pc=0x000000000270583b sp=0x000000001631f068 mode 2
Event: 17.262 Thread 0x0000000015519000 DEOPT PACKING pc=0x0000000002a92b19 sp=0x000000001631f270
Event: 17.262 Thread 0x0000000015519000 DEOPT UNPACKING pc=0x0000000002707490 sp=0x000000001631eff0 mode 0
Event: 18.961 loading class com/game/mariobros/sprites/tileObjectes/Brick$1
Event: 18.961 loading class com/game/mariobros/sprites/tileObjectes/Brick$1 done


Dynamic libraries:
0x00007ff6c09c0000 - 0x00007ff6c09f7000 	C:\Program Files\Java\jdk1.8.0_221\bin\java.exe
0x00007fffa2740000 - 0x00007fffa28ec000 	C:\Windows\SYSTEM32\ntdll.dll
0x00007fffa0720000 - 0x00007fffa085e000 	C:\Windows\system32\KERNEL32.DLL
0x00007fff9fca0000 - 0x00007fff9fdb5000 	C:\Windows\system32\KERNELBASE.dll
0x00007fff9e2c0000 - 0x00007fff9e34e000 	C:\Windows\system32\apphelp.dll
0x00007fff94160000 - 0x00007fff941b3000 	C:\Windows\AppPatch\AppPatch64\AcGenral.DLL
0x00007fff9fdc0000 - 0x00007fff9fe6a000 	C:\Windows\system32\msvcrt.dll
0x00007fff9f720000 - 0x00007fff9f74e000 	C:\Windows\SYSTEM32\SspiCli.dll
0x00007fffa0a10000 - 0x00007fffa0a64000 	C:\Windows\system32\SHLWAPI.dll
0x00007fffa05a0000 - 0x00007fffa0717000 	C:\Windows\system32\USER32.dll
0x00007fffa0400000 - 0x00007fffa0594000 	C:\Windows\system32\ole32.dll
0x00007fffa0f90000 - 0x00007fffa24a9000 	C:\Windows\system32\SHELL32.dll
0x00007fff9ed50000 - 0x00007fff9ed71000 	C:\Windows\SYSTEM32\USERENV.dll
0x00007fffa2670000 - 0x00007fffa271a000 	C:\Windows\system32\ADVAPI32.dll
0x00007fff979a0000 - 0x00007fff979be000 	C:\Windows\SYSTEM32\MPR.dll
0x00007fffa0170000 - 0x00007fffa02b1000 	C:\Windows\system32\RPCRT4.dll
0x00007fffa0f20000 - 0x00007fffa0f79000 	C:\Windows\SYSTEM32\sechost.dll
0x00007fffa0a70000 - 0x00007fffa0c81000 	C:\Windows\SYSTEM32\combase.dll
0x00007fffa24b0000 - 0x00007fffa2601000 	C:\Windows\system32\GDI32.dll
0x00007fff9f880000 - 0x00007fff9f895000 	C:\Windows\SYSTEM32\profapi.dll
0x00007fff9dc90000 - 0x00007fff9dd42000 	C:\Windows\SYSTEM32\SHCORE.dll
0x00007fffa0130000 - 0x00007fffa0166000 	C:\Windows\system32\IMM32.DLL
0x00007fffa0d50000 - 0x00007fffa0ea3000 	C:\Windows\system32\MSCTF.dll
0x00007fff9d4b0000 - 0x00007fff9d72b000 	C:\Windows\WinSxS\amd64_microsoft.windows.common-controls_6595b64144ccf1df_6.0.9600.17415_none_6240486fecbd8abb\COMCTL32.dll
0x00007fff9f610000 - 0x00007fff9f707000 	C:\Windows\system32\guard64.dll
0x00007fff9f3c0000 - 0x00007fff9f3ca000 	C:\Windows\system32\version.dll
0x00007fff9f350000 - 0x00007fff9f35a000 	C:\Windows\system32\fltlib.dll
0x000000006d9c0000 - 0x000000006da92000 	C:\Program Files\Java\jdk1.8.0_221\jre\bin\msvcr100.dll
0x000000006d110000 - 0x000000006d9b5000 	C:\Program Files\Java\jdk1.8.0_221\jre\bin\server\jvm.dll
0x00007fff957f0000 - 0x00007fff957f9000 	C:\Windows\SYSTEM32\WSOCK32.dll
0x00007fff97a40000 - 0x00007fff97a62000 	C:\Windows\SYSTEM32\WINMM.dll
0x00007fffa0330000 - 0x00007fffa0337000 	C:\Windows\system32\PSAPI.DLL
0x00007fffa0eb0000 - 0x00007fffa0f0a000 	C:\Windows\system32\WS2_32.dll
0x00007fff97830000 - 0x00007fff9785a000 	C:\Windows\SYSTEM32\WINMMBASE.dll
0x00007fffa0f10000 - 0x00007fffa0f19000 	C:\Windows\system32\NSI.dll
0x00007fff9fbf0000 - 0x00007fff9fc3f000 	C:\Windows\SYSTEM32\cfgmgr32.dll
0x00007fff9e510000 - 0x00007fff9e538000 	C:\Windows\SYSTEM32\DEVOBJ.dll
0x00007fff9a990000 - 0x00007fff9a99f000 	C:\Program Files\Java\jdk1.8.0_221\jre\bin\verify.dll
0x00007fff94060000 - 0x00007fff94089000 	C:\Program Files\Java\jdk1.8.0_221\jre\bin\java.dll
0x00007fff93930000 - 0x00007fff93953000 	C:\Program Files\Java\jdk1.8.0_221\jre\bin\instrument.dll
0x00007fff941f0000 - 0x00007fff94206000 	C:\Program Files\Java\jdk1.8.0_221\jre\bin\zip.dll
0x00007fff940c0000 - 0x00007fff940da000 	C:\Program Files\JetBrains\IntelliJ IDEA Community Edition 2019.1.3\bin\breakgen64.dll
0x00007fff93910000 - 0x00007fff9392a000 	C:\Program Files\Java\jdk1.8.0_221\jre\bin\net.dll
0x00007fff98a40000 - 0x00007fff98bc6000 	C:\Windows\SYSTEM32\urlmon.dll
0x00007fff98770000 - 0x00007fff98a37000 	C:\Windows\SYSTEM32\iertutil.dll
0x00007fff98520000 - 0x00007fff9876b000 	C:\Windows\SYSTEM32\WININET.dll
0x00007fff9f040000 - 0x00007fff9f099000 	C:\Windows\system32\mswsock.dll
0x0000000065ac0000 - 0x0000000065b0b000 	C:\Users\Neemias\AppData\Local\Temp\libgdxNeemias\7d76f548\gdx64.dll
0x00007fff9f0a0000 - 0x00007fff9f0c0000 	C:\Windows\SYSTEM32\CRYPTSP.dll
0x00007fff9ec60000 - 0x00007fff9ec96000 	C:\Windows\system32\rsaenh.dll
0x00007fff9f390000 - 0x00007fff9f3b6000 	C:\Windows\SYSTEM32\bcrypt.dll
0x00007fff9f750000 - 0x00007fff9f7b3000 	C:\Windows\system32\bcryptprimitives.dll
0x00007fff9f7c0000 - 0x00007fff9f7cb000 	C:\Windows\SYSTEM32\CRYPTBASE.dll
0x00007fff9a5a0000 - 0x00007fff9a5ca000 	C:\Windows\SYSTEM32\IPHLPAPI.DLL
0x00007fff9a550000 - 0x00007fff9a55a000 	C:\Windows\SYSTEM32\WINNSI.DLL
0x00007fff99c70000 - 0x00007fff99c86000 	C:\Windows\SYSTEM32\dhcpcsvc6.DLL
0x00007fff9a120000 - 0x00007fff9a13a000 	C:\Windows\SYSTEM32\dhcpcsvc.DLL
0x00007fff938f0000 - 0x00007fff93902000 	C:\Program Files\Java\jdk1.8.0_221\jre\bin\nio.dll
0x0000000180000000 - 0x0000000180053000 	C:\Users\Neemias\AppData\Local\Temp\libgdxNeemias\1cecf4f6\lwjgl64.dll
0x00007fff8d2c0000 - 0x00007fff8d3eb000 	C:\Windows\SYSTEM32\OPENGL32.dll
0x00007fff8d290000 - 0x00007fff8d2be000 	C:\Windows\SYSTEM32\GLU32.dll
0x00007fff8d060000 - 0x00007fff8d158000 	C:\Windows\SYSTEM32\DDRAW.dll
0x00007fff8d570000 - 0x00007fff8d579000 	C:\Windows\SYSTEM32\DCIMAN32.dll
0x0000000015c20000 - 0x0000000015c84000 	C:\Users\Neemias\AppData\Local\Temp\libgdxNeemias\1cecf4f6\OpenAL64.dll
0x00007fff9e540000 - 0x00007fff9e54b000 	C:\Windows\SYSTEM32\kernel.appcore.dll
0x00007fff9e3e0000 - 0x00007fff9e509000 	C:\Windows\system32\uxtheme.dll
0x00007fffa0340000 - 0x00007fffa03f6000 	C:\Windows\SYSTEM32\clbcatq.dll
0x00007fff88440000 - 0x00007fff884dd000 	C:\Windows\SYSTEM32\dsound.dll
0x00007fff9ed80000 - 0x00007fff9edc6000 	C:\Windows\SYSTEM32\POWRPROF.dll
0x00007fff9d0b0000 - 0x00007fff9d120000 	C:\Windows\System32\MMDevApi.dll
0x00007fff8cda0000 - 0x00007fff8ce1e000 	C:\Windows\SYSTEM32\AUDIOSES.DLL
0x00007fff9fe80000 - 0x00007fff9ff41000 	C:\Windows\system32\OLEAUT32.dll
0x00007fff9da90000 - 0x00007fff9dab1000 	C:\Windows\system32\dwmapi.dll
0x00007fff84af0000 - 0x00007fff85321000 	C:\Windows\SYSTEM32\ig7icd64.dll
0x00007fff9cc40000 - 0x00007fff9d0a5000 	C:\Windows\SYSTEM32\igdusc64.dll
0x00007fff9ab70000 - 0x00007fff9ab82000 	C:\Windows\SYSTEM32\WTSAPI32.dll
0x00007fff87d90000 - 0x00007fff87e22000 	C:\Windows\SYSTEM32\mscms.dll
0x00007fff936c0000 - 0x00007fff93701000 	C:\Windows\SYSTEM32\icm32.dll
0x000000006e9c0000 - 0x000000006ea1b000 	C:\Users\Neemias\AppData\Local\Temp\libgdxNeemias\b8f13a6a\gdx-box2d64.dll
0x00007fff86430000 - 0x00007fff865ba000 	C:\Windows\SYSTEM32\dbghelp.dll

VM Arguments:
jvm_args: -javaagent:C:\Program Files\JetBrains\IntelliJ IDEA Community Edition 2019.1.3\lib\idea_rt.jar=3629:C:\Program Files\JetBrains\IntelliJ IDEA Community Edition 2019.1.3\bin -Dfile.encoding=UTF-8 
java_command: com.game.mariobros.desktop.DesktopLauncher
java_class_path (initial): C:\Program Files\Java\jdk1.8.0_221\jre\lib\charsets.jar;C:\Program Files\Java\jdk1.8.0_221\jre\lib\deploy.jar;C:\Program Files\Java\jdk1.8.0_221\jre\lib\ext\access-bridge-64.jar;C:\Program Files\Java\jdk1.8.0_221\jre\lib\ext\cldrdata.jar;C:\Program Files\Java\jdk1.8.0_221\jre\lib\ext\dnsns.jar;C:\Program Files\Java\jdk1.8.0_221\jre\lib\ext\jaccess.jar;C:\Program Files\Java\jdk1.8.0_221\jre\lib\ext\jfxrt.jar;C:\Program Files\Java\jdk1.8.0_221\jre\lib\ext\localedata.jar;C:\Program Files\Java\jdk1.8.0_221\jre\lib\ext\nashorn.jar;C:\Program Files\Java\jdk1.8.0_221\jre\lib\ext\sunec.jar;C:\Program Files\Java\jdk1.8.0_221\jre\lib\ext\sunjce_provider.jar;C:\Program Files\Java\jdk1.8.0_221\jre\lib\ext\sunmscapi.jar;C:\Program Files\Java\jdk1.8.0_221\jre\lib\ext\sunpkcs11.jar;C:\Program Files\Java\jdk1.8.0_221\jre\lib\ext\zipfs.jar;C:\Program Files\Java\jdk1.8.0_221\jre\lib\javaws.jar;C:\Program Files\Java\jdk1.8.0_221\jre\lib\jce.jar;C:\Program Files\Java\jdk1.8.0_221\jre\lib\jfr.jar;C:\Program Files\Java\jdk1.8.0_221\jre\lib\jfxswt.jar;C:\Program Files\Java\jdk1.8.0_221\jre\lib\jsse.jar;C:\Program Files\Java\jdk1.8.0_221\jre\lib\management-agent.jar;C:\Program Files\Java\jdk1.8.0_221\jre\lib\plugin.jar;C:\Program Files\Java\jdk1.8.0_221\jre\lib\resources.jar;C:\Program Files\Java\jdk1.8.0_221\jre\lib\rt.jar;C:\Users\Neemias\Documents\LibGdx\Games\MarioBros\desktop\build\classes\java\main;C:\Users\Neemias\Documents\LibGdx\Games\MarioBros\core\build\classes\java\main;C:\Users\Neemias\.gradle\caches\modules-2\files-2.1\com.badlogicgames.gdx\gdx-backend-lwjgl\1.9.10\8f88abd43500d94c486d25f04d642318da72773a\gdx-backend-lwjgl-1.9.10.jar;C:\Users\Neemias\.gradle\caches\modules-2\files-2.1\com.badlogicgames.gdx\gdx-platform\1.9.10\1907b49f8363dd1ee37d273854a9cc3c741a6e66\gdx-platform-1.9.10-natives-desktop.jar;C:\Users\Neemias\.gradle\caches\modules-2\files-2.1\com.badlogicgames.gdx\gdx-box2d-platform\1.9.10\91b19c283b24eec646a18e0e7b940c829920df4f\gdx
Launcher Type: SUN_STANDARD

Environment Variables:
PATH=C:\Program Files\JetBrains\IntelliJ IDEA Community Edition 2019.1.3\jre64\\bin;C:\Program Files\JetBrains\IntelliJ IDEA Community Edition 2019.1.3\jre64\\bin\server;C:\Windows\system32;C:\Windows;C:\Windows\System32\Wbem;C:\Windows\System32\WindowsPowerShell\v1.0\;C:\Program Files\Git\cmd;C:\metasploit-framework\bin;C:\Program Files\nodejs\;C:\MinGW\bin;C:\ProgramData\chocolatey\bin;C:\Program Files\Java\jdk-13.0.1\bin;C:\Program Files\PostgreSQL\10\bin;C:\Users\Neemias\AppData\Local\Programs\Python\Python37-32\Scripts\;C:\Users\Neemias\AppData\Local\Programs\Python\Python37-32\;C:\Ruby25-x64\bin;C:\Program Files\Notepad++;C:\Users\Neemias\AppData\Roaming\npm;C:\Program Files\JetBrains\IntelliJ IDEA Community Edition 2019.1.3\bin;C:\Program Files\Apktool\bin;C:\Program Files (x86)\Nmap;C:\Users\Neemias\AppData\Local\Programs\Microsoft VS Code\bin
USERNAME=Neemias
OS=Windows_NT
PROCESSOR_IDENTIFIER=Intel64 Family 6 Model 55 Stepping 8, GenuineIntel



---------------  S Y S T E M  ---------------

OS: Windows 8.1 , 64 bit Build 9600 (6.3.9600.17415)

CPU:total 2 (initial active 2) (2 cores per cpu, 1 threads per core) family 6 model 55 stepping 8, cmov, cx8, fxsr, mmx, sse, sse2, sse3, ssse3, sse4.1, sse4.2, popcnt, clmul, erms, 3dnowpref, tsc, tscinvbit

Memory: 4k page, physical 1983608k(68540k free), swap 4820724k(802040k free)

vm_info: Java HotSpot(TM) 64-Bit Server VM (25.221-b11) for windows-amd64 JRE (1.8.0_221-b11), built on Jul  4 2019 04:39:29 by "java_re" with MS VC++ 10.0 (VS2010)

time: Sat Nov 23 21:36:55 2019
timezone: Hora oficial do Brasil
elapsed time: 19 seconds (0d 0h 0m 19s)

