#
# A fatal error has been detected by the Java Runtime Environment:
#
#  EXCEPTION_ACCESS_VIOLATION (0xc0000005) at pc=0x000000006e9cbbb1, pid=2552, tid=0x0000000000001314
#
# JRE version: Java(TM) SE Runtime Environment (8.0_221-b11) (build 1.8.0_221-b11)
# Java VM: Java HotSpot(TM) 64-Bit Server VM (25.221-b11 mixed mode windows-amd64 compressed oops)
# Problematic frame:
# C  [gdx-box2d64.dll+0xbbb1]
#
# Failed to write core dump. Minidumps are not enabled by default on client versions of Windows
#
# If you would like to submit a bug report, please visit:
#   http://bugreport.java.com/bugreport/crash.jsp
# The crash happened outside the Java Virtual Machine in native code.
# See problematic frame for where to report the bug.
#

---------------  T H R E A D  ---------------

Current thread (0x000000001596c000):  JavaThread "LWJGL Application" [_thread_in_native, id=4884, stack(0x00000000167b0000,0x00000000168b0000)]

siginfo: ExceptionCode=0xc0000005, reading address 0x00000020155a78a0

Registers:
RAX=0x000000006ea10060, RBX=0x00000020155a78a0, RCX=0x0000000015563170, RDX=0x00000000000000b8
RSP=0x00000000168aece0, RBP=0x00000000155631a0, RSI=0x0000000015563170, RDI=0x00000000168aeda0
R8 =0x0000000015563170, R9 =0x0000000000000002, R10=0x0000000000000000, R11=0x0000000000000001
R12=0x0000000000000000, R13=0x0000000000000006, R14=0x00000000168aef90, R15=0x000000001596c000
RIP=0x000000006e9cbbb1, EFLAGS=0x0000000000010206

Top of Stack: (sp=0x00000000168aece0)
0x00000000168aece0:   0000000013a5c028 000000001596c000
0x00000000168aecf0:   000000006d751548 0000000015a3cd10
0x00000000168aed00:   0000000000000001 0000000015563170
0x00000000168aed10:   00000000168aeda0 00000000168aeee8
0x00000000168aed20:   0000000000000000 0000000013a5c028
0x00000000168aed30:   00000000168aef90 000000006e9e1163
0x00000000168aed40:   00000000168aede0 00000000168aede0
0x00000000168aed50:   0000000000000003 0000000013a5c028
0x00000000168aed60:   0000000000000001 0000000013290480
0x00000000168aed70:   000000000007a0b8 000000006e9e6a36
0x00000000168aed80:   0000000000000000 000000000007a0b8
0x00000000168aed90:   00000000168aeee8 0000000002ba5798
0x00000000168aeda0:   41747ae100000002 000000003fc28f5c
0x00000000168aedb0:   0000000000000000 0000000000000000
0x00000000168aedc0:   0000010100000000 00000000168aef01
0x00000000168aedd0:   0000000000000000 000000003f800000 

Instructions: (pc=0x000000006e9cbbb1)
0x000000006e9cbb91:   05 ca 44 04 00 44 0f b6 2c 18 41 80 fd 0d 4c 89
0x000000006e9cbba1:   eb 77 2c 48 8d 2c de 48 8b 5d 10 48 85 db 74 45
0x000000006e9cbbb1:   48 8b 03 48 89 45 10 48 89 d8 48 83 c4 20 5b 5e
0x000000006e9cbbc1:   5f 5d 41 5c 41 5d 41 5e c3 66 0f 1f 44 00 00 48 


Register to memory mapping:

RAX=0x000000006ea10060 is an unknown value
RBX=0x00000020155a78a0 is an unknown value
RCX=0x0000000015563170 is an unknown value
RDX=0x00000000000000b8 is an unknown value
RSP=0x00000000168aece0 is pointing into the stack for thread: 0x000000001596c000
RBP=0x00000000155631a0 is an unknown value
RSI=0x0000000015563170 is an unknown value
RDI=0x00000000168aeda0 is pointing into the stack for thread: 0x000000001596c000
R8 =0x0000000015563170 is an unknown value
R9 =0x0000000000000002 is an unknown value
R10=0x0000000000000000 is an unknown value
R11=0x0000000000000001 is an unknown value
R12=0x0000000000000000 is an unknown value
R13=0x0000000000000006 is an unknown value
R14=0x00000000168aef90 is pointing into the stack for thread: 0x000000001596c000
R15=0x000000001596c000 is a thread


Stack: [0x00000000167b0000,0x00000000168b0000],  sp=0x00000000168aece0,  free space=1019k
Native frames: (J=compiled Java code, j=interpreted, Vv=VM code, C=native code)
C  [gdx-box2d64.dll+0xbbb1]
C  [gdx-box2d64.dll+0x21163]
C  [gdx-box2d64.dll+0x26a36]
C  0x0000000002bb86c7

Java frames: (J=compiled Java code, j=interpreted, Vv=VM code)
j  com.badlogic.gdx.physics.box2d.World.jniCreateBody(JIFFFFFFFFZZZZZF)J+0
j  com.badlogic.gdx.physics.box2d.World.createBody(Lcom/badlogic/gdx/physics/box2d/BodyDef;)Lcom/badlogic/gdx/physics/box2d/Body;+80
j  com.game.mariobros.sprites.items.Mushroom.defineItem()V+37
j  com.game.mariobros.sprites.items.Item.<init>(Lcom/game/mariobros/screens/PlayerScreen;FF)V+40
J 1254 C1 com.game.mariobros.screens.PlayerScreen.handleSpawningItems()V (60 bytes) @ 0x00000000030209e4 [0x000000000301fec0+0xb24]
J 1200 C1 com.game.mariobros.screens.PlayerScreen.update(F)V (170 bytes) @ 0x0000000002fed5e4 [0x0000000002fed500+0xe4]
J 1202 C1 com.game.mariobros.screens.PlayerScreen.render(F)V (231 bytes) @ 0x0000000002fef50c [0x0000000002fef460+0xac]
J 1292 C1 com.game.mariobros.MarioBros.render()V (5 bytes) @ 0x00000000030449bc [0x00000000030447e0+0x1dc]
j  com.badlogic.gdx.backends.lwjgl.LwjglApplication.mainLoop()V+770
j  com.badlogic.gdx.backends.lwjgl.LwjglApplication$1.run()V+27
v  ~StubRoutines::call_stub

---------------  P R O C E S S  ---------------

Java Threads: ( => current thread )
  0x0000000015d02800 JavaThread "LWJGL Timer" daemon [_thread_blocked, id=3448, stack(0x0000000019860000,0x0000000019960000)]
  0x0000000015b0c000 JavaThread "AssetManager" daemon [_thread_blocked, id=4072, stack(0x0000000019140000,0x0000000019240000)]
  0x0000000002aa4000 JavaThread "DestroyJavaVM" [_thread_blocked, id=4880, stack(0x00000000027d0000,0x00000000028d0000)]
=>0x000000001596c000 JavaThread "LWJGL Application" [_thread_in_native, id=4884, stack(0x00000000167b0000,0x00000000168b0000)]
  0x0000000014ca2000 JavaThread "Service Thread" daemon [_thread_blocked, id=4596, stack(0x0000000015310000,0x0000000015410000)]
  0x0000000014c98000 JavaThread "C1 CompilerThread1" daemon [_thread_blocked, id=2640, stack(0x0000000015210000,0x0000000015310000)]
  0x0000000014c97000 JavaThread "C2 CompilerThread0" daemon [_thread_blocked, id=4344, stack(0x0000000015110000,0x0000000015210000)]
  0x0000000013c88000 JavaThread "Monitor Ctrl-Break" daemon [_thread_in_native, id=4408, stack(0x0000000015010000,0x0000000015110000)]
  0x0000000013bf2000 JavaThread "Attach Listener" daemon [_thread_blocked, id=4600, stack(0x0000000014b10000,0x0000000014c10000)]
  0x0000000013bf0800 JavaThread "Signal Dispatcher" daemon [_thread_blocked, id=5016, stack(0x0000000014a10000,0x0000000014b10000)]
  0x0000000002b9a000 JavaThread "Finalizer" daemon [_thread_blocked, id=2836, stack(0x0000000014820000,0x0000000014920000)]
  0x0000000013bd8000 JavaThread "Reference Handler" daemon [_thread_blocked, id=2544, stack(0x0000000014720000,0x0000000014820000)]

Other Threads:
  0x0000000013bb6800 VMThread [stack: 0x0000000014620000,0x0000000014720000] [id=2276]
  0x0000000014d9c800 WatcherThread [stack: 0x0000000015410000,0x0000000015510000] [id=1120]

VM state:not at safepoint (normal execution)

VM Mutex/Monitor currently owned by a thread: None

heap address: 0x00000000e1a00000, size: 486 MB, Compressed Oops mode: 32-bit
Narrow klass base: 0x0000000000000000, Narrow klass shift: 3
Compressed class space size: 1073741824 Address: 0x0000000100000000

Heap:
 PSYoungGen      total 9728K, used 9320K [0x00000000f5e00000, 0x00000000f7100000, 0x0000000100000000)
  eden space 8704K, 95% used [0x00000000f5e00000,0x00000000f661cd10,0x00000000f6680000)
  from space 1024K, 98% used [0x00000000f6680000,0x00000000f677d470,0x00000000f6780000)
  to   space 1024K, 0% used [0x00000000f7000000,0x00000000f7000000,0x00000000f7100000)
 ParOldGen       total 22016K, used 5417K [0x00000000e1a00000, 0x00000000e2f80000, 0x00000000f5e00000)
  object space 22016K, 24% used [0x00000000e1a00000,0x00000000e1f4a408,0x00000000e2f80000)
 Metaspace       used 9628K, capacity 9727K, committed 9984K, reserved 1058816K
  class space    used 905K, capacity 948K, committed 1024K, reserved 1048576K

Card table byte_map: [0x0000000011f60000,0x0000000012060000] byte_map_base: 0x0000000011853000

Marking Bits: (ParMarkBitMap*) 0x000000006d935ce0
 Begin Bits: [0x0000000012260000, 0x00000000129f8000)
 End Bits:   [0x00000000129f8000, 0x0000000013190000)

Polling page: 0x0000000000fa0000

CodeCache: size=245760Kb used=5210Kb max_used=5220Kb free=240549Kb
 bounds [0x0000000002ba0000, 0x00000000030c0000, 0x0000000011ba0000]
 total_blobs=1913 nmethods=1401 adapters=426
 compilation: enabled

Compilation events (10 events):
Event: 31.136 Thread 0x0000000014c98000 1397       3       java.nio.HeapByteBuffer::putInt (20 bytes)
Event: 31.137 Thread 0x0000000014c98000 nmethod 1397 0x00000000030b1dd0 code [0x00000000030b1f60, 0x00000000030b2328]
Event: 31.137 Thread 0x0000000014c98000 1398       3       java.nio.Bits::putInt (20 bytes)
Event: 31.137 Thread 0x0000000014c98000 nmethod 1398 0x00000000030b8190 code [0x00000000030b8300, 0x00000000030b84f8]
Event: 31.137 Thread 0x0000000014c98000 1399       3       java.nio.Bits::int0 (3 bytes)
Event: 31.137 Thread 0x0000000014c98000 nmethod 1399 0x00000000030b2dd0 code [0x00000000030b2f20, 0x00000000030b3050]
Event: 31.203 Thread 0x0000000014c97000 1400       4       com.badlogic.gdx.math.Vector3::crs (62 bytes)
Event: 31.205 Thread 0x0000000014c97000 nmethod 1400 0x00000000030b04d0 code [0x00000000030b0600, 0x00000000030b06d8]
Event: 31.221 Thread 0x0000000014c98000 1401       1       com.badlogic.gdx.scenes.scene2d.ui.Value$Fixed::get (5 bytes)
Event: 31.221 Thread 0x0000000014c98000 nmethod 1401 0x00000000030b1b10 code [0x00000000030b1c60, 0x00000000030b1d70]

GC Heap History (6 events):
Event: 6.121 GC heap before
{Heap before GC invocations=1 (full 0):
 PSYoungGen      total 9728K, used 8704K [0x00000000f5e00000, 0x00000000f6880000, 0x0000000100000000)
  eden space 8704K, 100% used [0x00000000f5e00000,0x00000000f6680000,0x00000000f6680000)
  from space 1024K, 0% used [0x00000000f6780000,0x00000000f6780000,0x00000000f6880000)
  to   space 1024K, 0% used [0x00000000f6680000,0x00000000f6680000,0x00000000f6780000)
 ParOldGen       total 22016K, used 0K [0x00000000e1a00000, 0x00000000e2f80000, 0x00000000f5e00000)
  object space 22016K, 0% used [0x00000000e1a00000,0x00000000e1a00000,0x00000000e2f80000)
 Metaspace       used 5048K, capacity 5536K, committed 5760K, reserved 1056768K
  class space    used 540K, capacity 592K, committed 640K, reserved 1048576K
Event: 6.131 GC heap after
Heap after GC invocations=1 (full 0):
 PSYoungGen      total 9728K, used 1012K [0x00000000f5e00000, 0x00000000f6880000, 0x0000000100000000)
  eden space 8704K, 0% used [0x00000000f5e00000,0x00000000f5e00000,0x00000000f6680000)
  from space 1024K, 98% used [0x00000000f6680000,0x00000000f677d2e0,0x00000000f6780000)
  to   space 1024K, 0% used [0x00000000f6780000,0x00000000f6780000,0x00000000f6880000)
 ParOldGen       total 22016K, used 537K [0x00000000e1a00000, 0x00000000e2f80000, 0x00000000f5e00000)
  object space 22016K, 2% used [0x00000000e1a00000,0x00000000e1a86410,0x00000000e2f80000)
 Metaspace       used 5048K, capacity 5536K, committed 5760K, reserved 1056768K
  class space    used 540K, capacity 592K, committed 640K, reserved 1048576K
}
Event: 7.568 GC heap before
{Heap before GC invocations=2 (full 0):
 PSYoungGen      total 9728K, used 9422K [0x00000000f5e00000, 0x00000000f6880000, 0x0000000100000000)
  eden space 8704K, 96% used [0x00000000f5e00000,0x00000000f6636710,0x00000000f6680000)
  from space 1024K, 98% used [0x00000000f6680000,0x00000000f677d2e0,0x00000000f6780000)
  to   space 1024K, 0% used [0x00000000f6780000,0x00000000f6780000,0x00000000f6880000)
 ParOldGen       total 22016K, used 537K [0x00000000e1a00000, 0x00000000e2f80000, 0x00000000f5e00000)
  object space 22016K, 2% used [0x00000000e1a00000,0x00000000e1a86410,0x00000000e2f80000)
 Metaspace       used 7193K, capacity 7315K, committed 7424K, reserved 1056768K
  class space    used 679K, capacity 720K, committed 768K, reserved 1048576K
Event: 7.575 GC heap after
Heap after GC invocations=2 (full 0):
 PSYoungGen      total 9728K, used 998K [0x00000000f5e00000, 0x00000000f6880000, 0x0000000100000000)
  eden space 8704K, 0% used [0x00000000f5e00000,0x00000000f5e00000,0x00000000f6680000)
  from space 1024K, 97% used [0x00000000f6780000,0x00000000f68798b0,0x00000000f6880000)
  to   space 1024K, 0% used [0x00000000f6680000,0x00000000f6680000,0x00000000f6780000)
 ParOldGen       total 22016K, used 1864K [0x00000000e1a00000, 0x00000000e2f80000, 0x00000000f5e00000)
  object space 22016K, 8% used [0x00000000e1a00000,0x00000000e1bd2290,0x00000000e2f80000)
 Metaspace       used 7193K, capacity 7315K, committed 7424K, reserved 1056768K
  class space    used 679K, capacity 720K, committed 768K, reserved 1048576K
}
Event: 8.004 GC heap before
{Heap before GC invocations=3 (full 0):
 PSYoungGen      total 9728K, used 9702K [0x00000000f5e00000, 0x00000000f6880000, 0x0000000100000000)
  eden space 8704K, 100% used [0x00000000f5e00000,0x00000000f6680000,0x00000000f6680000)
  from space 1024K, 97% used [0x00000000f6780000,0x00000000f68798b0,0x00000000f6880000)
  to   space 1024K, 0% used [0x00000000f6680000,0x00000000f6680000,0x00000000f6780000)
 ParOldGen       total 22016K, used 1864K [0x00000000e1a00000, 0x00000000e2f80000, 0x00000000f5e00000)
  object space 22016K, 8% used [0x00000000e1a00000,0x00000000e1bd2290,0x00000000e2f80000)
 Metaspace       used 8458K, capacity 8607K, committed 8832K, reserved 1056768K
  class space    used 824K, capacity 852K, committed 896K, reserved 1048576K
Event: 8.016 GC heap after
Heap after GC invocations=3 (full 0):
 PSYoungGen      total 9728K, used 1013K [0x00000000f5e00000, 0x00000000f7100000, 0x0000000100000000)
  eden space 8704K, 0% used [0x00000000f5e00000,0x00000000f5e00000,0x00000000f6680000)
  from space 1024K, 98% used [0x00000000f6680000,0x00000000f677d470,0x00000000f6780000)
  to   space 1024K, 0% used [0x00000000f7000000,0x00000000f7000000,0x00000000f7100000)
 ParOldGen       total 22016K, used 5417K [0x00000000e1a00000, 0x00000000e2f80000, 0x00000000f5e00000)
  object space 22016K, 24% used [0x00000000e1a00000,0x00000000e1f4a408,0x00000000e2f80000)
 Metaspace       used 8458K, capacity 8607K, committed 8832K, reserved 1056768K
  class space    used 824K, capacity 852K, committed 896K, reserved 1048576K
}

Deoptimization events (10 events):
Event: 7.893 Thread 0x000000001596c000 Uncommon trap: reason=unstable_if action=reinterpret pc=0x0000000002d994fc method=sun.misc.MetaIndex.mayContain(Ljava/lang/String;)Z @ 38
Event: 8.137 Thread 0x000000001596c000 Uncommon trap: reason=unstable_if action=reinterpret pc=0x0000000002e79a78 method=java.util.StringTokenizer.scanToken(I)I @ 7
Event: 8.138 Thread 0x000000001596c000 Uncommon trap: reason=unstable_if action=reinterpret pc=0x0000000002e75ce8 method=java.util.StringTokenizer.skipDelimiters(I)I @ 29
Event: 8.170 Thread 0x000000001596c000 Uncommon trap: reason=unstable_if action=reinterpret pc=0x0000000002e6e67c method=java.util.StringTokenizer.scanToken(I)I @ 7
Event: 11.239 Thread 0x000000001596c000 Uncommon trap: reason=unstable_if action=reinterpret pc=0x0000000002f4d7f4 method=com.badlogic.gdx.utils.Array.iterator()Ljava/util/Iterator; @ 20
Event: 11.239 Thread 0x000000001596c000 Uncommon trap: reason=unstable_if action=reinterpret pc=0x0000000002f49738 method=com.badlogic.gdx.physics.box2d.Fixture.getShape()Lcom/badlogic/gdx/physics/box2d/Shape; @ 4
Event: 23.906 Thread 0x000000001596c000 Uncommon trap: reason=unstable_if action=reinterpret pc=0x00000000030a9e90 method=com.game.mariobros.sprites.enemies.Goomba.draw(Lcom/badlogic/gdx/graphics/g2d/Batch;)V @ 13
Event: 30.335 Thread 0x000000001596c000 Uncommon trap: reason=unstable_if action=reinterpret pc=0x00000000030708d0 method=com.badlogic.gdx.utils.LongMap.get(J)Ljava/lang/Object; @ 54
Event: 30.369 Thread 0x000000001596c000 Uncommon trap: reason=unstable_if action=reinterpret pc=0x0000000003051394 method=com.badlogic.gdx.utils.LongMap.get(J)Ljava/lang/Object; @ 54
Event: 31.204 Thread 0x000000001596c000 Uncommon trap: reason=unstable_if action=reinterpret pc=0x0000000002f61e84 method=java.lang.Math.round(F)I @ 36

Classes redefined (0 events):
No events

Internal exceptions (10 events):
Event: 5.174 Thread 0x0000000002aa4000 Exception <a 'java/security/PrivilegedActionException'> (0x00000000f61a4a90) thrown at [C:\re\workspace\8-2-build-windows-amd64-cygwin\jdk8u221\13320\hotspot\src\share\vm\prims\jvm.cpp, line 1502]
Event: 5.174 Thread 0x0000000002aa4000 Exception <a 'java/security/PrivilegedActionException'> (0x00000000f61a4ca0) thrown at [C:\re\workspace\8-2-build-windows-amd64-cygwin\jdk8u221\13320\hotspot\src\share\vm\prims\jvm.cpp, line 1502]
Event: 5.847 Thread 0x0000000002aa4000 Exception <a 'java/security/PrivilegedActionException'> (0x00000000f63fa578) thrown at [C:\re\workspace\8-2-build-windows-amd64-cygwin\jdk8u221\13320\hotspot\src\share\vm\prims\jvm.cpp, line 1502]
Event: 5.848 Thread 0x0000000002aa4000 Exception <a 'java/security/PrivilegedActionException'> (0x00000000f63fc250) thrown at [C:\re\workspace\8-2-build-windows-amd64-cygwin\jdk8u221\13320\hotspot\src\share\vm\prims\jvm.cpp, line 1502]
Event: 5.848 Thread 0x0000000002aa4000 Exception <a 'java/security/PrivilegedActionException'> (0x00000000f63fd3c0) thrown at [C:\re\workspace\8-2-build-windows-amd64-cygwin\jdk8u221\13320\hotspot\src\share\vm\prims\jvm.cpp, line 1502]
Event: 5.850 Thread 0x0000000002aa4000 Exception <a 'java/security/PrivilegedActionException'> (0x00000000f6402900) thrown at [C:\re\workspace\8-2-build-windows-amd64-cygwin\jdk8u221\13320\hotspot\src\share\vm\prims\jvm.cpp, line 1502]
Event: 5.850 Thread 0x0000000002aa4000 Exception <a 'java/security/PrivilegedActionException'> (0x00000000f6403558) thrown at [C:\re\workspace\8-2-build-windows-amd64-cygwin\jdk8u221\13320\hotspot\src\share\vm\prims\jvm.cpp, line 1502]
Event: 5.850 Thread 0x0000000002aa4000 Exception <a 'java/security/PrivilegedActionException'> (0x00000000f6404180) thrown at [C:\re\workspace\8-2-build-windows-amd64-cygwin\jdk8u221\13320\hotspot\src\share\vm\prims\jvm.cpp, line 1502]
Event: 11.239 Thread 0x000000001596c000 Implicit null exception at 0x0000000002f4d2d8 to 0x0000000002f4d7cd
Event: 11.239 Thread 0x000000001596c000 Implicit null exception at 0x0000000002f46d40 to 0x0000000002f4972d

Events (10 events):
Event: 30.335 Thread 0x000000001596c000 DEOPT PACKING pc=0x00000000030708d0 sp=0x00000000168af250
Event: 30.336 Thread 0x000000001596c000 DEOPT UNPACKING pc=0x0000000002be583b sp=0x00000000168af110 mode 2
Event: 30.369 Thread 0x000000001596c000 Uncommon trap: trap_request=0xffffff65 fr.pc=0x0000000003051394
Event: 30.369 Thread 0x000000001596c000 DEOPT PACKING pc=0x0000000003051394 sp=0x00000000168af250
Event: 30.369 Thread 0x000000001596c000 DEOPT UNPACKING pc=0x0000000002be583b sp=0x00000000168af110 mode 2
Event: 30.452 Thread 0x000000001596c000 DEOPT PACKING pc=0x0000000002f6507e sp=0x00000000168af1e0
Event: 30.452 Thread 0x000000001596c000 DEOPT UNPACKING pc=0x0000000002be7490 sp=0x00000000168aef28 mode 0
Event: 31.204 Thread 0x000000001596c000 Uncommon trap: trap_request=0xffffff65 fr.pc=0x0000000002f61e84
Event: 31.204 Thread 0x000000001596c000 DEOPT PACKING pc=0x0000000002f61e84 sp=0x00000000168aed50
Event: 31.204 Thread 0x000000001596c000 DEOPT UNPACKING pc=0x0000000002be583b sp=0x00000000168aecd0 mode 2


Dynamic libraries:
0x00007ff6dca80000 - 0x00007ff6dcab7000 	C:\Program Files\Java\jdk1.8.0_221\bin\java.exe
0x00007fffa2740000 - 0x00007fffa28ec000 	C:\Windows\SYSTEM32\ntdll.dll
0x00007fffa0720000 - 0x00007fffa085e000 	C:\Windows\system32\KERNEL32.DLL
0x00007fff9fca0000 - 0x00007fff9fdb5000 	C:\Windows\system32\KERNELBASE.dll
0x00007fff9e2c0000 - 0x00007fff9e34e000 	C:\Windows\system32\apphelp.dll
0x00007fff93960000 - 0x00007fff939b3000 	C:\Windows\AppPatch\AppPatch64\AcGenral.DLL
0x00007fff9fdc0000 - 0x00007fff9fe6a000 	C:\Windows\system32\msvcrt.dll
0x00007fff9f720000 - 0x00007fff9f74e000 	C:\Windows\SYSTEM32\SspiCli.dll
0x00007fffa0a10000 - 0x00007fffa0a64000 	C:\Windows\system32\SHLWAPI.dll
0x00007fffa05a0000 - 0x00007fffa0717000 	C:\Windows\system32\USER32.dll
0x00007fffa0400000 - 0x00007fffa0594000 	C:\Windows\system32\ole32.dll
0x00007fffa0f90000 - 0x00007fffa24a9000 	C:\Windows\system32\SHELL32.dll
0x00007fff9ed50000 - 0x00007fff9ed71000 	C:\Windows\SYSTEM32\USERENV.dll
0x00007fffa2670000 - 0x00007fffa271a000 	C:\Windows\system32\ADVAPI32.dll
0x00007fff979a0000 - 0x00007fff979be000 	C:\Windows\SYSTEM32\MPR.dll
0x00007fffa0170000 - 0x00007fffa02b1000 	C:\Windows\system32\RPCRT4.dll
0x00007fffa0f20000 - 0x00007fffa0f79000 	C:\Windows\SYSTEM32\sechost.dll
0x00007fffa0a70000 - 0x00007fffa0c81000 	C:\Windows\SYSTEM32\combase.dll
0x00007fffa24b0000 - 0x00007fffa2601000 	C:\Windows\system32\GDI32.dll
0x00007fff9f880000 - 0x00007fff9f895000 	C:\Windows\SYSTEM32\profapi.dll
0x00007fff9dc90000 - 0x00007fff9dd42000 	C:\Windows\SYSTEM32\SHCORE.dll
0x00007fffa0130000 - 0x00007fffa0166000 	C:\Windows\system32\IMM32.DLL
0x00007fffa0d50000 - 0x00007fffa0ea3000 	C:\Windows\system32\MSCTF.dll
0x00007fff9d4b0000 - 0x00007fff9d72b000 	C:\Windows\WinSxS\amd64_microsoft.windows.common-controls_6595b64144ccf1df_6.0.9600.17415_none_6240486fecbd8abb\COMCTL32.dll
0x00007fff9f610000 - 0x00007fff9f707000 	C:\Windows\system32\guard64.dll
0x00007fff9f3c0000 - 0x00007fff9f3ca000 	C:\Windows\system32\version.dll
0x00007fff9f350000 - 0x00007fff9f35a000 	C:\Windows\system32\fltlib.dll
0x000000006d9c0000 - 0x000000006da92000 	C:\Program Files\Java\jdk1.8.0_221\jre\bin\msvcr100.dll
0x000000006d110000 - 0x000000006d9b5000 	C:\Program Files\Java\jdk1.8.0_221\jre\bin\server\jvm.dll
0x00007fff957f0000 - 0x00007fff957f9000 	C:\Windows\SYSTEM32\WSOCK32.dll
0x00007fff97a40000 - 0x00007fff97a62000 	C:\Windows\SYSTEM32\WINMM.dll
0x00007fffa0330000 - 0x00007fffa0337000 	C:\Windows\system32\PSAPI.DLL
0x00007fffa0eb0000 - 0x00007fffa0f0a000 	C:\Windows\system32\WS2_32.dll
0x00007fff97830000 - 0x00007fff9785a000 	C:\Windows\SYSTEM32\WINMMBASE.dll
0x00007fffa0f10000 - 0x00007fffa0f19000 	C:\Windows\system32\NSI.dll
0x00007fff9fbf0000 - 0x00007fff9fc3f000 	C:\Windows\SYSTEM32\cfgmgr32.dll
0x00007fff9e510000 - 0x00007fff9e538000 	C:\Windows\SYSTEM32\DEVOBJ.dll
0x00007fff9b3d0000 - 0x00007fff9b3df000 	C:\Program Files\Java\jdk1.8.0_221\jre\bin\verify.dll
0x00007fff89250000 - 0x00007fff89279000 	C:\Program Files\Java\jdk1.8.0_221\jre\bin\java.dll
0x00007fff89220000 - 0x00007fff89243000 	C:\Program Files\Java\jdk1.8.0_221\jre\bin\instrument.dll
0x00007fff93900000 - 0x00007fff93916000 	C:\Program Files\Java\jdk1.8.0_221\jre\bin\zip.dll
0x00007fff93340000 - 0x00007fff9335a000 	C:\Program Files\JetBrains\IntelliJ IDEA Community Edition 2019.1.3\bin\breakgen64.dll
0x00007fff89130000 - 0x00007fff8914a000 	C:\Program Files\Java\jdk1.8.0_221\jre\bin\net.dll
0x00007fff98a40000 - 0x00007fff98bc6000 	C:\Windows\SYSTEM32\urlmon.dll
0x00007fff98770000 - 0x00007fff98a37000 	C:\Windows\SYSTEM32\iertutil.dll
0x00007fff98520000 - 0x00007fff9876b000 	C:\Windows\SYSTEM32\WININET.dll
0x00007fff9f040000 - 0x00007fff9f099000 	C:\Windows\system32\mswsock.dll
0x0000000065ac0000 - 0x0000000065b0b000 	C:\Users\Neemias\AppData\Local\Temp\libgdxNeemias\7d76f548\gdx64.dll
0x00007fff9f0a0000 - 0x00007fff9f0c0000 	C:\Windows\SYSTEM32\CRYPTSP.dll
0x00007fff9ec60000 - 0x00007fff9ec96000 	C:\Windows\system32\rsaenh.dll
0x00007fff9f390000 - 0x00007fff9f3b6000 	C:\Windows\SYSTEM32\bcrypt.dll
0x00007fff9f750000 - 0x00007fff9f7b3000 	C:\Windows\system32\bcryptprimitives.dll
0x00007fff9f7c0000 - 0x00007fff9f7cb000 	C:\Windows\SYSTEM32\CRYPTBASE.dll
0x00007fff9a5a0000 - 0x00007fff9a5ca000 	C:\Windows\SYSTEM32\IPHLPAPI.DLL
0x00007fff9a550000 - 0x00007fff9a55a000 	C:\Windows\SYSTEM32\WINNSI.DLL
0x00007fff99c70000 - 0x00007fff99c86000 	C:\Windows\SYSTEM32\dhcpcsvc6.DLL
0x00007fff9a120000 - 0x00007fff9a13a000 	C:\Windows\SYSTEM32\dhcpcsvc.DLL
0x00007fff89110000 - 0x00007fff89122000 	C:\Program Files\Java\jdk1.8.0_221\jre\bin\nio.dll
0x0000000180000000 - 0x0000000180053000 	C:\Users\Neemias\AppData\Local\Temp\libgdxNeemias\1cecf4f6\lwjgl64.dll
0x00007fff93b50000 - 0x00007fff93c7b000 	C:\Windows\SYSTEM32\OPENGL32.dll
0x00007fff94e10000 - 0x00007fff94e3e000 	C:\Windows\SYSTEM32\GLU32.dll
0x00007fff93800000 - 0x00007fff938f8000 	C:\Windows\SYSTEM32\DDRAW.dll
0x00007fff9c8c0000 - 0x00007fff9c8c9000 	C:\Windows\SYSTEM32\DCIMAN32.dll
0x00000000160f0000 - 0x0000000016154000 	C:\Users\Neemias\AppData\Local\Temp\libgdxNeemias\1cecf4f6\OpenAL64.dll
0x00007fff9e540000 - 0x00007fff9e54b000 	C:\Windows\SYSTEM32\kernel.appcore.dll
0x00007fff9e3e0000 - 0x00007fff9e509000 	C:\Windows\system32\uxtheme.dll
0x00007fffa0340000 - 0x00007fffa03f6000 	C:\Windows\SYSTEM32\clbcatq.dll
0x00007fff89150000 - 0x00007fff891ed000 	C:\Windows\SYSTEM32\dsound.dll
0x00007fff9ed80000 - 0x00007fff9edc6000 	C:\Windows\SYSTEM32\POWRPROF.dll
0x00007fff9d0b0000 - 0x00007fff9d120000 	C:\Windows\System32\MMDevApi.dll
0x00007fff8cda0000 - 0x00007fff8ce1e000 	C:\Windows\SYSTEM32\AUDIOSES.DLL
0x00007fff9fe80000 - 0x00007fff9ff41000 	C:\Windows\system32\OLEAUT32.dll
0x00007fff9da90000 - 0x00007fff9dab1000 	C:\Windows\system32\dwmapi.dll
0x00007fff83180000 - 0x00007fff839b1000 	C:\Windows\SYSTEM32\ig7icd64.dll
0x00007fff9cc40000 - 0x00007fff9d0a5000 	C:\Windows\SYSTEM32\igdusc64.dll
0x00007fff9ab70000 - 0x00007fff9ab82000 	C:\Windows\SYSTEM32\WTSAPI32.dll
0x00007fff89280000 - 0x00007fff89312000 	C:\Windows\SYSTEM32\mscms.dll
0x00007fff88e00000 - 0x00007fff88e41000 	C:\Windows\SYSTEM32\icm32.dll
0x000000006e9c0000 - 0x000000006ea1b000 	C:\Users\Neemias\AppData\Local\Temp\libgdxNeemias\b8f13a6a\gdx-box2d64.dll
0x00007fff86430000 - 0x00007fff865ba000 	C:\Windows\SYSTEM32\dbghelp.dll

VM Arguments:
jvm_args: -javaagent:C:\Program Files\JetBrains\IntelliJ IDEA Community Edition 2019.1.3\lib\idea_rt.jar=6531:C:\Program Files\JetBrains\IntelliJ IDEA Community Edition 2019.1.3\bin -Dfile.encoding=UTF-8 
java_command: com.game.mariobros.desktop.DesktopLauncher
java_class_path (initial): C:\Program Files\Java\jdk1.8.0_221\jre\lib\charsets.jar;C:\Program Files\Java\jdk1.8.0_221\jre\lib\deploy.jar;C:\Program Files\Java\jdk1.8.0_221\jre\lib\ext\access-bridge-64.jar;C:\Program Files\Java\jdk1.8.0_221\jre\lib\ext\cldrdata.jar;C:\Program Files\Java\jdk1.8.0_221\jre\lib\ext\dnsns.jar;C:\Program Files\Java\jdk1.8.0_221\jre\lib\ext\jaccess.jar;C:\Program Files\Java\jdk1.8.0_221\jre\lib\ext\jfxrt.jar;C:\Program Files\Java\jdk1.8.0_221\jre\lib\ext\localedata.jar;C:\Program Files\Java\jdk1.8.0_221\jre\lib\ext\nashorn.jar;C:\Program Files\Java\jdk1.8.0_221\jre\lib\ext\sunec.jar;C:\Program Files\Java\jdk1.8.0_221\jre\lib\ext\sunjce_provider.jar;C:\Program Files\Java\jdk1.8.0_221\jre\lib\ext\sunmscapi.jar;C:\Program Files\Java\jdk1.8.0_221\jre\lib\ext\sunpkcs11.jar;C:\Program Files\Java\jdk1.8.0_221\jre\lib\ext\zipfs.jar;C:\Program Files\Java\jdk1.8.0_221\jre\lib\javaws.jar;C:\Program Files\Java\jdk1.8.0_221\jre\lib\jce.jar;C:\Program Files\Java\jdk1.8.0_221\jre\lib\jfr.jar;C:\Program Files\Java\jdk1.8.0_221\jre\lib\jfxswt.jar;C:\Program Files\Java\jdk1.8.0_221\jre\lib\jsse.jar;C:\Program Files\Java\jdk1.8.0_221\jre\lib\management-agent.jar;C:\Program Files\Java\jdk1.8.0_221\jre\lib\plugin.jar;C:\Program Files\Java\jdk1.8.0_221\jre\lib\resources.jar;C:\Program Files\Java\jdk1.8.0_221\jre\lib\rt.jar;C:\Users\Neemias\Documents\LibGdx\Games\MarioBros\desktop\build\classes\java\main;C:\Users\Neemias\Documents\LibGdx\Games\MarioBros\core\build\classes\java\main;C:\Users\Neemias\.gradle\caches\modules-2\files-2.1\com.badlogicgames.gdx\gdx-backend-lwjgl\1.9.10\8f88abd43500d94c486d25f04d642318da72773a\gdx-backend-lwjgl-1.9.10.jar;C:\Users\Neemias\.gradle\caches\modules-2\files-2.1\com.badlogicgames.gdx\gdx-platform\1.9.10\1907b49f8363dd1ee37d273854a9cc3c741a6e66\gdx-platform-1.9.10-natives-desktop.jar;C:\Users\Neemias\.gradle\caches\modules-2\files-2.1\com.badlogicgames.gdx\gdx-box2d-platform\1.9.10\91b19c283b24eec646a18e0e7b940c829920df4f\gdx
Launcher Type: SUN_STANDARD

Environment Variables:
PATH=C:\Program Files\JetBrains\IntelliJ IDEA Community Edition 2019.1.3\jre64\\bin;C:\Program Files\JetBrains\IntelliJ IDEA Community Edition 2019.1.3\jre64\\bin\server;C:\Windows\system32;C:\Windows;C:\Windows\System32\Wbem;C:\Windows\System32\WindowsPowerShell\v1.0\;C:\Program Files\Git\cmd;C:\metasploit-framework\bin;C:\Program Files\nodejs\;C:\MinGW\bin;C:\ProgramData\chocolatey\bin;C:\Program Files\Java\jdk-13.0.1\bin;C:\Program Files\PostgreSQL\10\bin;C:\Users\Neemias\AppData\Local\Programs\Python\Python37-32\Scripts\;C:\Users\Neemias\AppData\Local\Programs\Python\Python37-32\;C:\Ruby25-x64\bin;C:\Program Files\Notepad++;C:\Users\Neemias\AppData\Roaming\npm;C:\Program Files\JetBrains\IntelliJ IDEA Community Edition 2019.1.3\bin;C:\Program Files\Apktool\bin;C:\Program Files (x86)\Nmap;C:\Users\Neemias\AppData\Local\Programs\Microsoft VS Code\bin
USERNAME=Neemias
OS=Windows_NT
PROCESSOR_IDENTIFIER=Intel64 Family 6 Model 55 Stepping 8, GenuineIntel



---------------  S Y S T E M  ---------------

OS: Windows 8.1 , 64 bit Build 9600 (6.3.9600.17415)

CPU:total 2 (initial active 2) (2 cores per cpu, 1 threads per core) family 6 model 55 stepping 8, cmov, cx8, fxsr, mmx, sse, sse2, sse3, ssse3, sse4.1, sse4.2, popcnt, clmul, erms, 3dnowpref, tsc, tscinvbit

Memory: 4k page, physical 1983608k(79864k free), swap 4820724k(1441160k free)

vm_info: Java HotSpot(TM) 64-Bit Server VM (25.221-b11) for windows-amd64 JRE (1.8.0_221-b11), built on Jul  4 2019 04:39:29 by "java_re" with MS VC++ 10.0 (VS2010)

time: Sun Nov 24 14:35:05 2019
timezone: Hora oficial do Brasil
elapsed time: 31 seconds (0d 0h 0m 31s)

