#
# A fatal error has been detected by the Java Runtime Environment:
#
#  EXCEPTION_ACCESS_VIOLATION (0xc0000005) at pc=0x000000006e9cbbb1, pid=4960, tid=0x00000000000013b8
#
# JRE version: Java(TM) SE Runtime Environment (8.0_221-b11) (build 1.8.0_221-b11)
# Java VM: Java HotSpot(TM) 64-Bit Server VM (25.221-b11 mixed mode windows-amd64 compressed oops)
# Problematic frame:
# C  [gdx-box2d64.dll+0xbbb1]
#
# Failed to write core dump. Minidumps are not enabled by default on client versions of Windows
#
# If you would like to submit a bug report, please visit:
#   http://bugreport.java.com/bugreport/crash.jsp
# The crash happened outside the Java Virtual Machine in native code.
# See problematic frame for where to report the bug.
#

---------------  T H R E A D  ---------------

Current thread (0x0000000015198000):  JavaThread "LWJGL Application" [_thread_in_native, id=5048, stack(0x0000000016030000,0x0000000016130000)]

siginfo: ExceptionCode=0xc0000005, reading address 0x0000002014d57ea0

Registers:
RAX=0x000000006ea10060, RBX=0x0000002014d57ea0, RCX=0x0000000014d13170, RDX=0x00000000000000b8
RSP=0x000000001612e970, RBP=0x0000000014d131a0, RSI=0x0000000014d13170, RDI=0x000000001612ea30
R8 =0x0000000014d13170, R9 =0x0000000000000002, R10=0x0000000000000000, R11=0x0000000000000001
R12=0x0000000000000000, R13=0x0000000000000006, R14=0x000000001612ec18, R15=0x0000000015198000
RIP=0x000000006e9cbbb1, EFLAGS=0x0000000000010206

Top of Stack: (sp=0x000000001612e970)
0x000000001612e970:   0000000018ca91d8 0000000015198000
0x000000001612e980:   000000006d751548 00000000152e92d0
0x000000001612e990:   0000000000000001 0000000014d13170
0x000000001612e9a0:   000000001612ea30 000000001612eb70
0x000000001612e9b0:   0000000000000000 0000000018ca91d8
0x000000001612e9c0:   000000001612ec18 000000006e9e1163
0x000000001612e9d0:   000000001612ea70 000000001612ea70
0x000000001612e9e0:   0000000000000003 0000000018ca91d8
0x000000001612e9f0:   0000000000000001 0000000012a40480
0x000000001612ea00:   00000000000b4ac8 000000006e9e6a36
0x000000001612ea10:   0000000000000000 00000000000b4ac8
0x000000001612ea20:   000000001612eb70 0000000002355798
0x000000001612ea30:   418d70a400000002 00000000418eb852
0x000000001612ea40:   0000000000000000 0000000000000000
0x000000001612ea50:   0000010100000000 000000001612ec01
0x000000001612ea60:   0000000000000000 000000003f800000 

Instructions: (pc=0x000000006e9cbbb1)
0x000000006e9cbb91:   05 ca 44 04 00 44 0f b6 2c 18 41 80 fd 0d 4c 89
0x000000006e9cbba1:   eb 77 2c 48 8d 2c de 48 8b 5d 10 48 85 db 74 45
0x000000006e9cbbb1:   48 8b 03 48 89 45 10 48 89 d8 48 83 c4 20 5b 5e
0x000000006e9cbbc1:   5f 5d 41 5c 41 5d 41 5e c3 66 0f 1f 44 00 00 48 


Register to memory mapping:

RAX=0x000000006ea10060 is an unknown value
RBX=0x0000002014d57ea0 is an unknown value
RCX=0x0000000014d13170 is an unknown value
RDX=0x00000000000000b8 is an unknown value
RSP=0x000000001612e970 is pointing into the stack for thread: 0x0000000015198000
RBP=0x0000000014d131a0 is an unknown value
RSI=0x0000000014d13170 is an unknown value
RDI=0x000000001612ea30 is pointing into the stack for thread: 0x0000000015198000
R8 =0x0000000014d13170 is an unknown value
R9 =0x0000000000000002 is an unknown value
R10=0x0000000000000000 is an unknown value
R11=0x0000000000000001 is an unknown value
R12=0x0000000000000000 is an unknown value
R13=0x0000000000000006 is an unknown value
R14=0x000000001612ec18 is pointing into the stack for thread: 0x0000000015198000
R15=0x0000000015198000 is a thread


Stack: [0x0000000016030000,0x0000000016130000],  sp=0x000000001612e970,  free space=1018k
Native frames: (J=compiled Java code, j=interpreted, Vv=VM code, C=native code)
C  [gdx-box2d64.dll+0xbbb1]
C  [gdx-box2d64.dll+0x21163]
C  [gdx-box2d64.dll+0x26a36]
C  0x00000000023686c7

Java frames: (J=compiled Java code, j=interpreted, Vv=VM code)
j  com.badlogic.gdx.physics.box2d.World.jniCreateBody(JIFFFFFFFFZZZZZF)J+0
j  com.badlogic.gdx.physics.box2d.World.createBody(Lcom/badlogic/gdx/physics/box2d/BodyDef;)Lcom/badlogic/gdx/physics/box2d/Body;+80
j  com.game.mariobros.sprites.items.Mushroom.defineItem()V+37
J 1449 C2 com.game.mariobros.screens.PlayerScreen.update(F)V (170 bytes) @ 0x00000000028a7834 [0x00000000028a5be0+0x1c54]
J 1450 C2 com.game.mariobros.screens.PlayerScreen.render(F)V (231 bytes) @ 0x00000000028b9470 [0x00000000028b9420+0x50]
J 1569 C2 com.game.mariobros.MarioBros.render()V (5 bytes) @ 0x0000000002924cc8 [0x0000000002924c60+0x68]
j  com.badlogic.gdx.backends.lwjgl.LwjglApplication.mainLoop()V+770
j  com.badlogic.gdx.backends.lwjgl.LwjglApplication$1.run()V+27
v  ~StubRoutines::call_stub

---------------  P R O C E S S  ---------------

Java Threads: ( => current thread )
  0x0000000015494000 JavaThread "LWJGL Timer" daemon [_thread_blocked, id=4836, stack(0x00000000192b0000,0x00000000193b0000)]
  0x00000000152d0000 JavaThread "AssetManager" daemon [_thread_blocked, id=5064, stack(0x0000000018ba0000,0x0000000018ca0000)]
  0x0000000002254000 JavaThread "DestroyJavaVM" [_thread_blocked, id=2928, stack(0x0000000001ff0000,0x00000000020f0000)]
=>0x0000000015198000 JavaThread "LWJGL Application" [_thread_in_native, id=5048, stack(0x0000000016030000,0x0000000016130000)]
  0x00000000144c1800 JavaThread "Service Thread" daemon [_thread_blocked, id=4612, stack(0x0000000014ac0000,0x0000000014bc0000)]
  0x000000001449b000 JavaThread "C1 CompilerThread1" daemon [_thread_blocked, id=4280, stack(0x00000000149c0000,0x0000000014ac0000)]
  0x0000000014445800 JavaThread "C2 CompilerThread0" daemon [_thread_blocked, id=2656, stack(0x00000000148c0000,0x00000000149c0000)]
  0x000000001343e000 JavaThread "Monitor Ctrl-Break" daemon [_thread_in_native, id=4624, stack(0x00000000147c0000,0x00000000148c0000)]
  0x00000000133a2800 JavaThread "Attach Listener" daemon [_thread_blocked, id=3316, stack(0x00000000142c0000,0x00000000143c0000)]
  0x000000001339f800 JavaThread "Signal Dispatcher" daemon [_thread_blocked, id=1208, stack(0x00000000141c0000,0x00000000142c0000)]
  0x000000000234a000 JavaThread "Finalizer" daemon [_thread_blocked, id=4924, stack(0x0000000013fd0000,0x00000000140d0000)]
  0x0000000013388000 JavaThread "Reference Handler" daemon [_thread_blocked, id=2900, stack(0x0000000013ed0000,0x0000000013fd0000)]

Other Threads:
  0x0000000013367000 VMThread [stack: 0x0000000013dd0000,0x0000000013ed0000] [id=360]
  0x000000001451f000 WatcherThread [stack: 0x0000000014bc0000,0x0000000014cc0000] [id=372]

VM state:not at safepoint (normal execution)

VM Mutex/Monitor currently owned by a thread: None

heap address: 0x00000000e1a00000, size: 486 MB, Compressed Oops mode: 32-bit
Narrow klass base: 0x0000000000000000, Narrow klass shift: 3
Compressed class space size: 1073741824 Address: 0x0000000100000000

Heap:
 PSYoungGen      total 9728K, used 6481K [0x00000000f5e00000, 0x00000000f6880000, 0x0000000100000000)
  eden space 8704K, 62% used [0x00000000f5e00000,0x00000000f6354d40,0x00000000f6680000)
  from space 1024K, 99% used [0x00000000f6780000,0x00000000f687f920,0x00000000f6880000)
  to   space 1024K, 0% used [0x00000000f6680000,0x00000000f6680000,0x00000000f6780000)
 ParOldGen       total 22016K, used 7586K [0x00000000e1a00000, 0x00000000e2f80000, 0x00000000f5e00000)
  object space 22016K, 34% used [0x00000000e1a00000,0x00000000e2168968,0x00000000e2f80000)
 Metaspace       used 9885K, capacity 9983K, committed 10240K, reserved 1058816K
  class space    used 924K, capacity 948K, committed 1024K, reserved 1048576K

Card table byte_map: [0x0000000011710000,0x0000000011810000] byte_map_base: 0x0000000011003000

Marking Bits: (ParMarkBitMap*) 0x000000006d935ce0
 Begin Bits: [0x0000000011a10000, 0x00000000121a8000)
 End Bits:   [0x00000000121a8000, 0x0000000012940000)

Polling page: 0x00000000005f0000

CodeCache: size=245760Kb used=6032Kb max_used=6039Kb free=239727Kb
 bounds [0x0000000002350000, 0x0000000002940000, 0x0000000011350000]
 total_blobs=2095 nmethods=1581 adapters=428
 compilation: enabled

Compilation events (10 events):
Event: 112.594 Thread 0x0000000014445800 1580   !   4       org.lwjgl.opengl.Display::isVisible (38 bytes)
Event: 112.597 Thread 0x0000000014445800 nmethod 1580 0x0000000002928950 code [0x0000000002928aa0, 0x0000000002928d18]
Event: 113.524 Thread 0x000000001449b000 1581   !   3       org.lwjgl.input.Keyboard::getEventKeyState (20 bytes)
Event: 113.525 Thread 0x000000001449b000 nmethod 1581 0x000000000293b250 code [0x000000000293b3c0, 0x000000000293b6d0]
Event: 113.525 Thread 0x000000001449b000 1584   !   3       com.badlogic.gdx.backends.lwjgl.LwjglGraphics::requestRendering (20 bytes)
Event: 113.526 Thread 0x000000001449b000 nmethod 1584 0x000000000293ad50 code [0x000000000293aea0, 0x000000000293b190]
Event: 113.526 Thread 0x000000001449b000 1582   !   3       org.lwjgl.input.Keyboard::getEventNanoseconds (20 bytes)
Event: 113.526 Thread 0x000000001449b000 nmethod 1582 0x000000000293a750 code [0x000000000293a8c0, 0x000000000293ac10]
Event: 113.527 Thread 0x000000001449b000 1583       3       org.lwjgl.input.Keyboard$KeyEvent::access$600 (5 bytes)
Event: 113.527 Thread 0x000000001449b000 nmethod 1583 0x0000000002936090 code [0x00000000029361e0, 0x0000000002936310]

GC Heap History (8 events):
Event: 3.210 GC heap before
{Heap before GC invocations=1 (full 0):
 PSYoungGen      total 9728K, used 8704K [0x00000000f5e00000, 0x00000000f6880000, 0x0000000100000000)
  eden space 8704K, 100% used [0x00000000f5e00000,0x00000000f6680000,0x00000000f6680000)
  from space 1024K, 0% used [0x00000000f6780000,0x00000000f6780000,0x00000000f6880000)
  to   space 1024K, 0% used [0x00000000f6680000,0x00000000f6680000,0x00000000f6780000)
 ParOldGen       total 22016K, used 0K [0x00000000e1a00000, 0x00000000e2f80000, 0x00000000f5e00000)
  object space 22016K, 0% used [0x00000000e1a00000,0x00000000e1a00000,0x00000000e2f80000)
 Metaspace       used 5218K, capacity 5408K, committed 5504K, reserved 1056768K
  class space    used 559K, capacity 592K, committed 640K, reserved 1048576K
Event: 3.216 GC heap after
Heap after GC invocations=1 (full 0):
 PSYoungGen      total 9728K, used 1008K [0x00000000f5e00000, 0x00000000f6880000, 0x0000000100000000)
  eden space 8704K, 0% used [0x00000000f5e00000,0x00000000f5e00000,0x00000000f6680000)
  from space 1024K, 98% used [0x00000000f6680000,0x00000000f677c010,0x00000000f6780000)
  to   space 1024K, 0% used [0x00000000f6780000,0x00000000f6780000,0x00000000f6880000)
 ParOldGen       total 22016K, used 707K [0x00000000e1a00000, 0x00000000e2f80000, 0x00000000f5e00000)
  object space 22016K, 3% used [0x00000000e1a00000,0x00000000e1ab0ed8,0x00000000e2f80000)
 Metaspace       used 5218K, capacity 5408K, committed 5504K, reserved 1056768K
  class space    used 559K, capacity 592K, committed 640K, reserved 1048576K
}
Event: 4.434 GC heap before
{Heap before GC invocations=2 (full 0):
 PSYoungGen      total 9728K, used 9712K [0x00000000f5e00000, 0x00000000f6880000, 0x0000000100000000)
  eden space 8704K, 100% used [0x00000000f5e00000,0x00000000f6680000,0x00000000f6680000)
  from space 1024K, 98% used [0x00000000f6680000,0x00000000f677c010,0x00000000f6780000)
  to   space 1024K, 0% used [0x00000000f6780000,0x00000000f6780000,0x00000000f6880000)
 ParOldGen       total 22016K, used 707K [0x00000000e1a00000, 0x00000000e2f80000, 0x00000000f5e00000)
  object space 22016K, 3% used [0x00000000e1a00000,0x00000000e1ab0ed8,0x00000000e2f80000)
 Metaspace       used 7554K, capacity 7667K, committed 7936K, reserved 1056768K
  class space    used 718K, capacity 752K, committed 768K, reserved 1048576K
Event: 4.444 GC heap after
Heap after GC invocations=2 (full 0):
 PSYoungGen      total 9728K, used 998K [0x00000000f5e00000, 0x00000000f6880000, 0x0000000100000000)
  eden space 8704K, 0% used [0x00000000f5e00000,0x00000000f5e00000,0x00000000f6680000)
  from space 1024K, 97% used [0x00000000f6780000,0x00000000f68798d0,0x00000000f6880000)
  to   space 1024K, 0% used [0x00000000f6680000,0x00000000f6680000,0x00000000f6780000)
 ParOldGen       total 22016K, used 2247K [0x00000000e1a00000, 0x00000000e2f80000, 0x00000000f5e00000)
  object space 22016K, 10% used [0x00000000e1a00000,0x00000000e1c31fa8,0x00000000e2f80000)
 Metaspace       used 7554K, capacity 7667K, committed 7936K, reserved 1056768K
  class space    used 718K, capacity 752K, committed 768K, reserved 1048576K
}
Event: 4.852 GC heap before
{Heap before GC invocations=3 (full 0):
 PSYoungGen      total 9728K, used 9702K [0x00000000f5e00000, 0x00000000f6880000, 0x0000000100000000)
  eden space 8704K, 100% used [0x00000000f5e00000,0x00000000f6680000,0x00000000f6680000)
  from space 1024K, 97% used [0x00000000f6780000,0x00000000f68798d0,0x00000000f6880000)
  to   space 1024K, 0% used [0x00000000f6680000,0x00000000f6680000,0x00000000f6780000)
 ParOldGen       total 22016K, used 2247K [0x00000000e1a00000, 0x00000000e2f80000, 0x00000000f5e00000)
  object space 22016K, 10% used [0x00000000e1a00000,0x00000000e1c31fa8,0x00000000e2f80000)
 Metaspace       used 8689K, capacity 8799K, committed 9088K, reserved 1056768K
  class space    used 843K, capacity 852K, committed 896K, reserved 1048576K
Event: 4.860 GC heap after
Heap after GC invocations=3 (full 0):
 PSYoungGen      total 9728K, used 1023K [0x00000000f5e00000, 0x00000000f6880000, 0x0000000100000000)
  eden space 8704K, 0% used [0x00000000f5e00000,0x00000000f5e00000,0x00000000f6680000)
  from space 1024K, 99% used [0x00000000f6680000,0x00000000f677ff68,0x00000000f6780000)
  to   space 1024K, 0% used [0x00000000f6780000,0x00000000f6780000,0x00000000f6880000)
 ParOldGen       total 22016K, used 5799K [0x00000000e1a00000, 0x00000000e2f80000, 0x00000000f5e00000)
  object space 22016K, 26% used [0x00000000e1a00000,0x00000000e1fa9cc8,0x00000000e2f80000)
 Metaspace       used 8689K, capacity 8799K, committed 9088K, reserved 1056768K
  class space    used 843K, capacity 852K, committed 896K, reserved 1048576K
}
Event: 32.657 GC heap before
{Heap before GC invocations=4 (full 0):
 PSYoungGen      total 9728K, used 9727K [0x00000000f5e00000, 0x00000000f6880000, 0x0000000100000000)
  eden space 8704K, 100% used [0x00000000f5e00000,0x00000000f6680000,0x00000000f6680000)
  from space 1024K, 99% used [0x00000000f6680000,0x00000000f677ff68,0x00000000f6780000)
  to   space 1024K, 0% used [0x00000000f6780000,0x00000000f6780000,0x00000000f6880000)
 ParOldGen       total 22016K, used 5799K [0x00000000e1a00000, 0x00000000e2f80000, 0x00000000f5e00000)
  object space 22016K, 26% used [0x00000000e1a00000,0x00000000e1fa9cc8,0x00000000e2f80000)
 Metaspace       used 9817K, capacity 9983K, committed 10240K, reserved 1058816K
  class space    used 923K, capacity 948K, committed 1024K, reserved 1048576K
Event: 32.665 GC heap after
Heap after GC invocations=4 (full 0):
 PSYoungGen      total 9728K, used 1022K [0x00000000f5e00000, 0x00000000f6880000, 0x0000000100000000)
  eden space 8704K, 0% used [0x00000000f5e00000,0x00000000f5e00000,0x00000000f6680000)
  from space 1024K, 99% used [0x00000000f6780000,0x00000000f687f920,0x00000000f6880000)
  to   space 1024K, 0% used [0x00000000f6680000,0x00000000f6680000,0x00000000f6780000)
 ParOldGen       total 22016K, used 7586K [0x00000000e1a00000, 0x00000000e2f80000, 0x00000000f5e00000)
  object space 22016K, 34% used [0x00000000e1a00000,0x00000000e2168968,0x00000000e2f80000)
 Metaspace       used 9817K, capacity 9983K, committed 10240K, reserved 1058816K
  class space    used 923K, capacity 948K, committed 1024K, reserved 1048576K
}

Deoptimization events (10 events):
Event: 7.344 Thread 0x0000000015198000 Uncommon trap: reason=unstable_if action=reinterpret pc=0x000000000270d2bc method=com.badlogic.gdx.utils.Array.iterator()Ljava/util/Iterator; @ 20
Event: 7.344 Thread 0x0000000015198000 Uncommon trap: reason=unstable_if action=reinterpret pc=0x0000000002710260 method=com.badlogic.gdx.utils.Array$ArrayIterable.iterator()Ljava/util/Iterator; @ 26
Event: 7.345 Thread 0x0000000015198000 Uncommon trap: reason=unstable_if action=reinterpret pc=0x0000000002703ef8 method=com.badlogic.gdx.physics.box2d.Fixture.getShape()Lcom/badlogic/gdx/physics/box2d/Shape; @ 4
Event: 8.500 Thread 0x0000000015198000 Uncommon trap: reason=unstable_if action=reinterpret pc=0x0000000002709170 method=com.badlogic.gdx.physics.box2d.Box2DDebugRenderer.getColorByBody(Lcom/badlogic/gdx/physics/box2d/Body;)Lcom/badlogic/gdx/graphics/Color; @ 46
Event: 8.533 Thread 0x0000000015198000 Uncommon trap: reason=unstable_if action=reinterpret pc=0x000000000276aa98 method=com.badlogic.gdx.physics.box2d.Box2DDebugRenderer.getColorByBody(Lcom/badlogic/gdx/physics/box2d/Body;)Lcom/badlogic/gdx/graphics/Color; @ 46
Event: 17.005 Thread 0x0000000015198000 Uncommon trap: reason=unstable_if action=reinterpret pc=0x0000000002840d28 method=com.badlogic.gdx.utils.LongMap.get(J)Ljava/lang/Object; @ 37
Event: 17.022 Thread 0x0000000015198000 Uncommon trap: reason=unstable_if action=reinterpret pc=0x00000000028152c4 method=com.badlogic.gdx.utils.LongMap.get(J)Ljava/lang/Object; @ 37
Event: 27.282 Thread 0x0000000015198000 Uncommon trap: reason=unstable_if action=reinterpret pc=0x00000000027404f4 method=com.badlogic.gdx.maps.tiled.renderers.OrthogonalTiledMapRenderer.renderTileLayer(Lcom/badlogic/gdx/maps/tiled/TiledMapTileLayer;)V @ 284
Event: 96.712 Thread 0x0000000015198000 Uncommon trap: reason=unstable_if action=reinterpret pc=0x000000000285ae78 method=com.game.mariobros.sprites.enemies.Goomba.update(F)V @ 14
Event: 96.713 Thread 0x0000000015198000 Uncommon trap: reason=unstable_if action=reinterpret pc=0x00000000028588a8 method=com.game.mariobros.sprites.enemies.Goomba.draw(Lcom/badlogic/gdx/graphics/g2d/Batch;)V @ 4

Classes redefined (0 events):
No events

Internal exceptions (10 events):
Event: 3.029 Thread 0x0000000002254000 Exception <a 'java/security/PrivilegedActionException'> (0x00000000f64ee730) thrown at [C:\re\workspace\8-2-build-windows-amd64-cygwin\jdk8u221\13320\hotspot\src\share\vm\prims\jvm.cpp, line 1502]
Event: 3.030 Thread 0x0000000002254000 Exception <a 'java/security/PrivilegedActionException'> (0x00000000f64f0408) thrown at [C:\re\workspace\8-2-build-windows-amd64-cygwin\jdk8u221\13320\hotspot\src\share\vm\prims\jvm.cpp, line 1502]
Event: 3.030 Thread 0x0000000002254000 Exception <a 'java/security/PrivilegedActionException'> (0x00000000f64f1578) thrown at [C:\re\workspace\8-2-build-windows-amd64-cygwin\jdk8u221\13320\hotspot\src\share\vm\prims\jvm.cpp, line 1502]
Event: 3.031 Thread 0x0000000002254000 Exception <a 'java/security/PrivilegedActionException'> (0x00000000f64f6ab8) thrown at [C:\re\workspace\8-2-build-windows-amd64-cygwin\jdk8u221\13320\hotspot\src\share\vm\prims\jvm.cpp, line 1502]
Event: 3.031 Thread 0x0000000002254000 Exception <a 'java/security/PrivilegedActionException'> (0x00000000f64f7710) thrown at [C:\re\workspace\8-2-build-windows-amd64-cygwin\jdk8u221\13320\hotspot\src\share\vm\prims\jvm.cpp, line 1502]
Event: 3.032 Thread 0x0000000002254000 Exception <a 'java/security/PrivilegedActionException'> (0x00000000f64f8338) thrown at [C:\re\workspace\8-2-build-windows-amd64-cygwin\jdk8u221\13320\hotspot\src\share\vm\prims\jvm.cpp, line 1502]
Event: 7.344 Thread 0x0000000015198000 Implicit null exception at 0x000000000270cd97 to 0x000000000270d295
Event: 7.344 Thread 0x0000000015198000 Implicit null exception at 0x00000000027101e4 to 0x000000000271024d
Event: 7.345 Thread 0x0000000015198000 Implicit null exception at 0x0000000002701500 to 0x0000000002703eed
Event: 27.282 Thread 0x0000000015198000 Implicit null exception at 0x000000000273fba7 to 0x00000000027404a5

Events (10 events):
Event: 32.657 Executing VM operation: ParallelGCFailedAllocation
Event: 32.665 Executing VM operation: ParallelGCFailedAllocation done
Event: 96.712 Thread 0x0000000015198000 Uncommon trap: trap_request=0xffffff65 fr.pc=0x000000000285ae78
Event: 96.712 Thread 0x0000000015198000 DEOPT PACKING pc=0x000000000285ae78 sp=0x000000001612ec80
Event: 96.712 Thread 0x0000000015198000 DEOPT UNPACKING pc=0x000000000239583b sp=0x000000001612ec58 mode 2
Event: 96.713 Thread 0x0000000015198000 Uncommon trap: trap_request=0xffffff65 fr.pc=0x00000000028588a8
Event: 96.713 Thread 0x0000000015198000 DEOPT PACKING pc=0x00000000028588a8 sp=0x000000001612ed10
Event: 96.713 Thread 0x0000000015198000 DEOPT UNPACKING pc=0x000000000239583b sp=0x000000001612ece8 mode 2
Event: 106.253 Thread 0x000000001449b000 flushing nmethod 0x0000000002451cd0
Event: 106.253 Thread 0x000000001449b000 flushing nmethod 0x0000000002452e50


Dynamic libraries:
0x00007ff68ad60000 - 0x00007ff68ad97000 	C:\Program Files\Java\jdk1.8.0_221\bin\java.exe
0x00007fffa2740000 - 0x00007fffa28ec000 	C:\Windows\SYSTEM32\ntdll.dll
0x00007fffa0720000 - 0x00007fffa085e000 	C:\Windows\system32\KERNEL32.DLL
0x00007fff9fca0000 - 0x00007fff9fdb5000 	C:\Windows\system32\KERNELBASE.dll
0x00007fff9e2c0000 - 0x00007fff9e34e000 	C:\Windows\system32\apphelp.dll
0x00007fff941f0000 - 0x00007fff94243000 	C:\Windows\AppPatch\AppPatch64\AcGenral.DLL
0x00007fff9fdc0000 - 0x00007fff9fe6a000 	C:\Windows\system32\msvcrt.dll
0x00007fff9f720000 - 0x00007fff9f74e000 	C:\Windows\SYSTEM32\SspiCli.dll
0x00007fffa0a10000 - 0x00007fffa0a64000 	C:\Windows\system32\SHLWAPI.dll
0x00007fffa05a0000 - 0x00007fffa0717000 	C:\Windows\system32\USER32.dll
0x00007fffa0400000 - 0x00007fffa0594000 	C:\Windows\system32\ole32.dll
0x00007fffa0f90000 - 0x00007fffa24a9000 	C:\Windows\system32\SHELL32.dll
0x00007fff9ed50000 - 0x00007fff9ed71000 	C:\Windows\SYSTEM32\USERENV.dll
0x00007fffa2670000 - 0x00007fffa271a000 	C:\Windows\system32\ADVAPI32.dll
0x00007fff979a0000 - 0x00007fff979be000 	C:\Windows\SYSTEM32\MPR.dll
0x00007fffa0170000 - 0x00007fffa02b1000 	C:\Windows\system32\RPCRT4.dll
0x00007fffa0f20000 - 0x00007fffa0f79000 	C:\Windows\SYSTEM32\sechost.dll
0x00007fffa0a70000 - 0x00007fffa0c81000 	C:\Windows\SYSTEM32\combase.dll
0x00007fffa24b0000 - 0x00007fffa2601000 	C:\Windows\system32\GDI32.dll
0x00007fff9f880000 - 0x00007fff9f895000 	C:\Windows\SYSTEM32\profapi.dll
0x00007fff9dc90000 - 0x00007fff9dd42000 	C:\Windows\SYSTEM32\SHCORE.dll
0x00007fffa0130000 - 0x00007fffa0166000 	C:\Windows\system32\IMM32.DLL
0x00007fffa0d50000 - 0x00007fffa0ea3000 	C:\Windows\system32\MSCTF.dll
0x00007fff9d4b0000 - 0x00007fff9d72b000 	C:\Windows\WinSxS\amd64_microsoft.windows.common-controls_6595b64144ccf1df_6.0.9600.17415_none_6240486fecbd8abb\COMCTL32.dll
0x00007fff9f610000 - 0x00007fff9f707000 	C:\Windows\system32\guard64.dll
0x00007fff9f3c0000 - 0x00007fff9f3ca000 	C:\Windows\system32\version.dll
0x00007fff9f350000 - 0x00007fff9f35a000 	C:\Windows\system32\fltlib.dll
0x000000006d9c0000 - 0x000000006da92000 	C:\Program Files\Java\jdk1.8.0_221\jre\bin\msvcr100.dll
0x000000006d110000 - 0x000000006d9b5000 	C:\Program Files\Java\jdk1.8.0_221\jre\bin\server\jvm.dll
0x00007fff957f0000 - 0x00007fff957f9000 	C:\Windows\SYSTEM32\WSOCK32.dll
0x00007fff97a40000 - 0x00007fff97a62000 	C:\Windows\SYSTEM32\WINMM.dll
0x00007fffa0330000 - 0x00007fffa0337000 	C:\Windows\system32\PSAPI.DLL
0x00007fffa0eb0000 - 0x00007fffa0f0a000 	C:\Windows\system32\WS2_32.dll
0x00007fff97830000 - 0x00007fff9785a000 	C:\Windows\SYSTEM32\WINMMBASE.dll
0x00007fffa0f10000 - 0x00007fffa0f19000 	C:\Windows\system32\NSI.dll
0x00007fff9fbf0000 - 0x00007fff9fc3f000 	C:\Windows\SYSTEM32\cfgmgr32.dll
0x00007fff9e510000 - 0x00007fff9e538000 	C:\Windows\SYSTEM32\DEVOBJ.dll
0x00007fff94d60000 - 0x00007fff94d6f000 	C:\Program Files\Java\jdk1.8.0_221\jre\bin\verify.dll
0x00007fff94190000 - 0x00007fff941b9000 	C:\Program Files\Java\jdk1.8.0_221\jre\bin\java.dll
0x00007fff94160000 - 0x00007fff94183000 	C:\Program Files\Java\jdk1.8.0_221\jre\bin\instrument.dll
0x00007fff940c0000 - 0x00007fff940d6000 	C:\Program Files\Java\jdk1.8.0_221\jre\bin\zip.dll
0x00007fff94070000 - 0x00007fff9408a000 	C:\Program Files\JetBrains\IntelliJ IDEA Community Edition 2019.1.3\bin\breakgen64.dll
0x00007fff94050000 - 0x00007fff9406a000 	C:\Program Files\Java\jdk1.8.0_221\jre\bin\net.dll
0x00007fff98a40000 - 0x00007fff98bc6000 	C:\Windows\SYSTEM32\urlmon.dll
0x00007fff98770000 - 0x00007fff98a37000 	C:\Windows\SYSTEM32\iertutil.dll
0x00007fff98520000 - 0x00007fff9876b000 	C:\Windows\SYSTEM32\WININET.dll
0x00007fff9f040000 - 0x00007fff9f099000 	C:\Windows\system32\mswsock.dll
0x0000000065ac0000 - 0x0000000065b0b000 	C:\Users\Neemias\AppData\Local\Temp\libgdxNeemias\7d76f548\gdx64.dll
0x00007fff9f0a0000 - 0x00007fff9f0c0000 	C:\Windows\SYSTEM32\CRYPTSP.dll
0x00007fff9ec60000 - 0x00007fff9ec96000 	C:\Windows\system32\rsaenh.dll
0x00007fff9f390000 - 0x00007fff9f3b6000 	C:\Windows\SYSTEM32\bcrypt.dll
0x00007fff9f750000 - 0x00007fff9f7b3000 	C:\Windows\system32\bcryptprimitives.dll
0x00007fff9f7c0000 - 0x00007fff9f7cb000 	C:\Windows\SYSTEM32\CRYPTBASE.dll
0x00007fff9a5a0000 - 0x00007fff9a5ca000 	C:\Windows\SYSTEM32\IPHLPAPI.DLL
0x00007fff9a550000 - 0x00007fff9a55a000 	C:\Windows\SYSTEM32\WINNSI.DLL
0x00007fff99c70000 - 0x00007fff99c86000 	C:\Windows\SYSTEM32\dhcpcsvc6.DLL
0x00007fff9a120000 - 0x00007fff9a13a000 	C:\Windows\SYSTEM32\dhcpcsvc.DLL
0x00007fff93940000 - 0x00007fff93952000 	C:\Program Files\Java\jdk1.8.0_221\jre\bin\nio.dll
0x0000000180000000 - 0x0000000180053000 	C:\Users\Neemias\AppData\Local\Temp\libgdxNeemias\1cecf4f6\lwjgl64.dll
0x00007fff8d2c0000 - 0x00007fff8d3eb000 	C:\Windows\SYSTEM32\OPENGL32.dll
0x00007fff8d290000 - 0x00007fff8d2be000 	C:\Windows\SYSTEM32\GLU32.dll
0x00007fff8d060000 - 0x00007fff8d158000 	C:\Windows\SYSTEM32\DDRAW.dll
0x00007fff8d570000 - 0x00007fff8d579000 	C:\Windows\SYSTEM32\DCIMAN32.dll
0x00000000158a0000 - 0x0000000015904000 	C:\Users\Neemias\AppData\Local\Temp\libgdxNeemias\1cecf4f6\OpenAL64.dll
0x00007fff9e540000 - 0x00007fff9e54b000 	C:\Windows\SYSTEM32\kernel.appcore.dll
0x00007fff9e3e0000 - 0x00007fff9e509000 	C:\Windows\system32\uxtheme.dll
0x00007fffa0340000 - 0x00007fffa03f6000 	C:\Windows\SYSTEM32\clbcatq.dll
0x00007fff88440000 - 0x00007fff884dd000 	C:\Windows\SYSTEM32\dsound.dll
0x00007fff9ed80000 - 0x00007fff9edc6000 	C:\Windows\SYSTEM32\POWRPROF.dll
0x00007fff9d0b0000 - 0x00007fff9d120000 	C:\Windows\System32\MMDevApi.dll
0x00007fff8cda0000 - 0x00007fff8ce1e000 	C:\Windows\SYSTEM32\AUDIOSES.DLL
0x00007fff9fe80000 - 0x00007fff9ff41000 	C:\Windows\system32\OLEAUT32.dll
0x00007fff9da90000 - 0x00007fff9dab1000 	C:\Windows\system32\dwmapi.dll
0x00007fff84af0000 - 0x00007fff85321000 	C:\Windows\SYSTEM32\ig7icd64.dll
0x00007fff9cc40000 - 0x00007fff9d0a5000 	C:\Windows\SYSTEM32\igdusc64.dll
0x00007fff9ab70000 - 0x00007fff9ab82000 	C:\Windows\SYSTEM32\WTSAPI32.dll
0x00007fff87d90000 - 0x00007fff87e22000 	C:\Windows\SYSTEM32\mscms.dll
0x00007fff938f0000 - 0x00007fff93931000 	C:\Windows\SYSTEM32\icm32.dll
0x000000006e9c0000 - 0x000000006ea1b000 	C:\Users\Neemias\AppData\Local\Temp\libgdxNeemias\b8f13a6a\gdx-box2d64.dll
0x00007fff86430000 - 0x00007fff865ba000 	C:\Windows\SYSTEM32\dbghelp.dll

VM Arguments:
jvm_args: -javaagent:C:\Program Files\JetBrains\IntelliJ IDEA Community Edition 2019.1.3\lib\idea_rt.jar=3078:C:\Program Files\JetBrains\IntelliJ IDEA Community Edition 2019.1.3\bin -Dfile.encoding=UTF-8 
java_command: com.game.mariobros.desktop.DesktopLauncher
java_class_path (initial): C:\Program Files\Java\jdk1.8.0_221\jre\lib\charsets.jar;C:\Program Files\Java\jdk1.8.0_221\jre\lib\deploy.jar;C:\Program Files\Java\jdk1.8.0_221\jre\lib\ext\access-bridge-64.jar;C:\Program Files\Java\jdk1.8.0_221\jre\lib\ext\cldrdata.jar;C:\Program Files\Java\jdk1.8.0_221\jre\lib\ext\dnsns.jar;C:\Program Files\Java\jdk1.8.0_221\jre\lib\ext\jaccess.jar;C:\Program Files\Java\jdk1.8.0_221\jre\lib\ext\jfxrt.jar;C:\Program Files\Java\jdk1.8.0_221\jre\lib\ext\localedata.jar;C:\Program Files\Java\jdk1.8.0_221\jre\lib\ext\nashorn.jar;C:\Program Files\Java\jdk1.8.0_221\jre\lib\ext\sunec.jar;C:\Program Files\Java\jdk1.8.0_221\jre\lib\ext\sunjce_provider.jar;C:\Program Files\Java\jdk1.8.0_221\jre\lib\ext\sunmscapi.jar;C:\Program Files\Java\jdk1.8.0_221\jre\lib\ext\sunpkcs11.jar;C:\Program Files\Java\jdk1.8.0_221\jre\lib\ext\zipfs.jar;C:\Program Files\Java\jdk1.8.0_221\jre\lib\javaws.jar;C:\Program Files\Java\jdk1.8.0_221\jre\lib\jce.jar;C:\Program Files\Java\jdk1.8.0_221\jre\lib\jfr.jar;C:\Program Files\Java\jdk1.8.0_221\jre\lib\jfxswt.jar;C:\Program Files\Java\jdk1.8.0_221\jre\lib\jsse.jar;C:\Program Files\Java\jdk1.8.0_221\jre\lib\management-agent.jar;C:\Program Files\Java\jdk1.8.0_221\jre\lib\plugin.jar;C:\Program Files\Java\jdk1.8.0_221\jre\lib\resources.jar;C:\Program Files\Java\jdk1.8.0_221\jre\lib\rt.jar;C:\Users\Neemias\Documents\LibGdx\Games\MarioBros\desktop\build\classes\java\main;C:\Users\Neemias\Documents\LibGdx\Games\MarioBros\core\build\classes\java\main;C:\Users\Neemias\.gradle\caches\modules-2\files-2.1\com.badlogicgames.gdx\gdx-backend-lwjgl\1.9.10\8f88abd43500d94c486d25f04d642318da72773a\gdx-backend-lwjgl-1.9.10.jar;C:\Users\Neemias\.gradle\caches\modules-2\files-2.1\com.badlogicgames.gdx\gdx-platform\1.9.10\1907b49f8363dd1ee37d273854a9cc3c741a6e66\gdx-platform-1.9.10-natives-desktop.jar;C:\Users\Neemias\.gradle\caches\modules-2\files-2.1\com.badlogicgames.gdx\gdx-box2d-platform\1.9.10\91b19c283b24eec646a18e0e7b940c829920df4f\gdx
Launcher Type: SUN_STANDARD

Environment Variables:
PATH=C:\Program Files\JetBrains\IntelliJ IDEA Community Edition 2019.1.3\jre64\\bin;C:\Program Files\JetBrains\IntelliJ IDEA Community Edition 2019.1.3\jre64\\bin\server;C:\Windows\system32;C:\Windows;C:\Windows\System32\Wbem;C:\Windows\System32\WindowsPowerShell\v1.0\;C:\Program Files\Git\cmd;C:\metasploit-framework\bin;C:\Program Files\nodejs\;C:\MinGW\bin;C:\ProgramData\chocolatey\bin;C:\Program Files\Java\jdk-13.0.1\bin;C:\Program Files\PostgreSQL\10\bin;C:\Users\Neemias\AppData\Local\Programs\Python\Python37-32\Scripts\;C:\Users\Neemias\AppData\Local\Programs\Python\Python37-32\;C:\Ruby25-x64\bin;C:\Program Files\Notepad++;C:\Users\Neemias\AppData\Roaming\npm;C:\Program Files\JetBrains\IntelliJ IDEA Community Edition 2019.1.3\bin;C:\Program Files\Apktool\bin;C:\Program Files (x86)\Nmap;C:\Users\Neemias\AppData\Local\Programs\Microsoft VS Code\bin
USERNAME=Neemias
OS=Windows_NT
PROCESSOR_IDENTIFIER=Intel64 Family 6 Model 55 Stepping 8, GenuineIntel



---------------  S Y S T E M  ---------------

OS: Windows 8.1 , 64 bit Build 9600 (6.3.9600.17415)

CPU:total 2 (initial active 2) (2 cores per cpu, 1 threads per core) family 6 model 55 stepping 8, cmov, cx8, fxsr, mmx, sse, sse2, sse3, ssse3, sse4.1, sse4.2, popcnt, clmul, erms, 3dnowpref, tsc, tscinvbit

Memory: 4k page, physical 1983608k(118808k free), swap 4820724k(940552k free)

vm_info: Java HotSpot(TM) 64-Bit Server VM (25.221-b11) for windows-amd64 JRE (1.8.0_221-b11), built on Jul  4 2019 04:39:29 by "java_re" with MS VC++ 10.0 (VS2010)

time: Sat Nov 23 20:05:05 2019
timezone: Hora oficial do Brasil
elapsed time: 114 seconds (0d 0h 1m 54s)

