#
# A fatal error has been detected by the Java Runtime Environment:
#
#  EXCEPTION_ACCESS_VIOLATION (0xc0000005) at pc=0x000000006e9cbbb1, pid=1208, tid=0x0000000000001398
#
# JRE version: Java(TM) SE Runtime Environment (8.0_221-b11) (build 1.8.0_221-b11)
# Java VM: Java HotSpot(TM) 64-Bit Server VM (25.221-b11 mixed mode windows-amd64 compressed oops)
# Problematic frame:
# C  [gdx-box2d64.dll+0xbbb1]
#
# Failed to write core dump. Minidumps are not enabled by default on client versions of Windows
#
# If you would like to submit a bug report, please visit:
#   http://bugreport.java.com/bugreport/crash.jsp
# The crash happened outside the Java Virtual Machine in native code.
# See problematic frame for where to report the bug.
#

---------------  T H R E A D  ---------------

Current thread (0x00000000153ab800):  JavaThread "LWJGL Application" [_thread_in_native, id=5016, stack(0x0000000016280000,0x0000000016380000)]

siginfo: ExceptionCode=0xc0000005, reading address 0x0000002014ff78a0

Registers:
RAX=0x000000006ea10060, RBX=0x0000002014ff78a0, RCX=0x0000000014fb3170, RDX=0x00000000000000b8
RSP=0x000000001637ee20, RBP=0x0000000014fb31a0, RSI=0x0000000014fb3170, RDI=0x000000001637eee0
R8 =0x0000000014fb3170, R9 =0x0000000000000002, R10=0x0000000000000000, R11=0x0000000000000001
R12=0x0000000000000000, R13=0x0000000000000006, R14=0x000000001637f0c8, R15=0x00000000153ab800
RIP=0x000000006e9cbbb1, EFLAGS=0x0000000000010206

Top of Stack: (sp=0x000000001637ee20)
0x000000001637ee20:   00000000134ac2f0 00000000153ab800
0x000000001637ee30:   000000006d751548 0000000015599e20
0x000000001637ee40:   0000000000000001 0000000014fb3170
0x000000001637ee50:   000000001637eee0 000000001637f020
0x000000001637ee60:   0000000000000000 00000000134ac2f0
0x000000001637ee70:   000000001637f0c8 000000006e9e1163
0x000000001637ee80:   000000001637ef20 000000001637ef20
0x000000001637ee90:   0000000000000003 00000000134ac2f0
0x000000001637eea0:   0000000000000001 0000000012ce0480
0x000000001637eeb0:   00000000000a1978 000000006e9e6a36
0x000000001637eec0:   0000000000000000 00000000000a1978
0x000000001637eed0:   000000001637f020 0000000002545798
0x000000001637eee0:   4070a3d700000002 000000003f6147ae
0x000000001637eef0:   0000000000000000 0000000000000000
0x000000001637ef00:   0000010100000000 000000001637f001
0x000000001637ef10:   0000000000000000 000000003f800000 

Instructions: (pc=0x000000006e9cbbb1)
0x000000006e9cbb91:   05 ca 44 04 00 44 0f b6 2c 18 41 80 fd 0d 4c 89
0x000000006e9cbba1:   eb 77 2c 48 8d 2c de 48 8b 5d 10 48 85 db 74 45
0x000000006e9cbbb1:   48 8b 03 48 89 45 10 48 89 d8 48 83 c4 20 5b 5e
0x000000006e9cbbc1:   5f 5d 41 5c 41 5d 41 5e c3 66 0f 1f 44 00 00 48 


Register to memory mapping:

RAX=0x000000006ea10060 is an unknown value
RBX=0x0000002014ff78a0 is an unknown value
RCX=0x0000000014fb3170 is an unknown value
RDX=0x00000000000000b8 is an unknown value
RSP=0x000000001637ee20 is pointing into the stack for thread: 0x00000000153ab800
RBP=0x0000000014fb31a0 is an unknown value
RSI=0x0000000014fb3170 is an unknown value
RDI=0x000000001637eee0 is pointing into the stack for thread: 0x00000000153ab800
R8 =0x0000000014fb3170 is an unknown value
R9 =0x0000000000000002 is an unknown value
R10=0x0000000000000000 is an unknown value
R11=0x0000000000000001 is an unknown value
R12=0x0000000000000000 is an unknown value
R13=0x0000000000000006 is an unknown value
R14=0x000000001637f0c8 is pointing into the stack for thread: 0x00000000153ab800
R15=0x00000000153ab800 is a thread


Stack: [0x0000000016280000,0x0000000016380000],  sp=0x000000001637ee20,  free space=1019k
Native frames: (J=compiled Java code, j=interpreted, Vv=VM code, C=native code)
C  [gdx-box2d64.dll+0xbbb1]
C  [gdx-box2d64.dll+0x21163]
C  [gdx-box2d64.dll+0x26a36]
C  0x00000000025586c7

Java frames: (J=compiled Java code, j=interpreted, Vv=VM code)
j  com.badlogic.gdx.physics.box2d.World.jniCreateBody(JIFFFFFFFFZZZZZF)J+0
j  com.badlogic.gdx.physics.box2d.World.createBody(Lcom/badlogic/gdx/physics/box2d/BodyDef;)Lcom/badlogic/gdx/physics/box2d/Body;+80
j  com.game.mariobros.sprites.items.Mushroom.defineItem()V+37
J 1447 C2 com.game.mariobros.screens.PlayerScreen.render(F)V (231 bytes) @ 0x0000000002a87cbc [0x0000000002a84c40+0x307c]
J 1331 C1 com.game.mariobros.MarioBros.render()V (5 bytes) @ 0x0000000002a1df5c [0x0000000002a1dda0+0x1bc]
j  com.badlogic.gdx.backends.lwjgl.LwjglApplication.mainLoop()V+770
j  com.badlogic.gdx.backends.lwjgl.LwjglApplication$1.run()V+27
v  ~StubRoutines::call_stub

---------------  P R O C E S S  ---------------

Java Threads: ( => current thread )
  0x00000000155f7000 JavaThread "LWJGL Timer" daemon [_thread_blocked, id=184, stack(0x0000000019390000,0x0000000019490000)]
  0x00000000155a3000 JavaThread "AssetManager" daemon [_thread_blocked, id=4188, stack(0x0000000018c80000,0x0000000018d80000)]
  0x0000000002444000 JavaThread "DestroyJavaVM" [_thread_blocked, id=2456, stack(0x0000000002110000,0x0000000002210000)]
=>0x00000000153ab800 JavaThread "LWJGL Application" [_thread_in_native, id=5016, stack(0x0000000016280000,0x0000000016380000)]
  0x0000000014755800 JavaThread "Service Thread" daemon [_thread_blocked, id=4864, stack(0x0000000014d60000,0x0000000014e60000)]
  0x00000000136de000 JavaThread "C1 CompilerThread1" daemon [_thread_blocked, id=1800, stack(0x0000000014c60000,0x0000000014d60000)]
  0x00000000136dd000 JavaThread "C2 CompilerThread0" daemon [_thread_blocked, id=4220, stack(0x0000000014b60000,0x0000000014c60000)]
  0x00000000136c2000 JavaThread "Monitor Ctrl-Break" daemon [_thread_in_native, id=4160, stack(0x0000000014a60000,0x0000000014b60000)]
  0x0000000013643000 JavaThread "Attach Listener" daemon [_thread_blocked, id=848, stack(0x0000000014560000,0x0000000014660000)]
  0x000000001363e800 JavaThread "Signal Dispatcher" daemon [_thread_blocked, id=772, stack(0x0000000014460000,0x0000000014560000)]
  0x000000000253a000 JavaThread "Finalizer" daemon [_thread_blocked, id=4212, stack(0x0000000014270000,0x0000000014370000)]
  0x0000000013628000 JavaThread "Reference Handler" daemon [_thread_blocked, id=2696, stack(0x0000000014170000,0x0000000014270000)]

Other Threads:
  0x0000000013606800 VMThread [stack: 0x0000000014070000,0x0000000014170000] [id=3840]
  0x00000000147ee800 WatcherThread [stack: 0x0000000014e60000,0x0000000014f60000] [id=5008]

VM state:not at safepoint (normal execution)

VM Mutex/Monitor currently owned by a thread: None

heap address: 0x00000000e1a00000, size: 486 MB, Compressed Oops mode: 32-bit
Narrow klass base: 0x0000000000000000, Narrow klass shift: 3
Compressed class space size: 1073741824 Address: 0x0000000100000000

Heap:
 PSYoungGen      total 18432K, used 3146K [0x00000000f5e00000, 0x00000000f7100000, 0x0000000100000000)
  eden space 17408K, 12% used [0x00000000f5e00000,0x00000000f60172f8,0x00000000f6f00000)
  from space 1024K, 98% used [0x00000000f7000000,0x00000000f70fb890,0x00000000f7100000)
  to   space 1024K, 0% used [0x00000000f6f00000,0x00000000f6f00000,0x00000000f7000000)
 ParOldGen       total 22016K, used 7148K [0x00000000e1a00000, 0x00000000e2f80000, 0x00000000f5e00000)
  object space 22016K, 32% used [0x00000000e1a00000,0x00000000e20fb288,0x00000000e2f80000)
 Metaspace       used 9641K, capacity 9855K, committed 9984K, reserved 1058816K
  class space    used 904K, capacity 948K, committed 1024K, reserved 1048576K

Card table byte_map: [0x0000000011900000,0x0000000011a00000] byte_map_base: 0x00000000111f3000

Marking Bits: (ParMarkBitMap*) 0x000000006d935ce0
 Begin Bits: [0x0000000011cb0000, 0x0000000012448000)
 End Bits:   [0x0000000012448000, 0x0000000012be0000)

Polling page: 0x0000000002210000

CodeCache: size=245760Kb used=5433Kb max_used=5448Kb free=240326Kb
 bounds [0x0000000002540000, 0x0000000002aa0000, 0x0000000011540000]
 total_blobs=1965 nmethods=1453 adapters=426
 compilation: enabled

Compilation events (10 events):
Event: 46.170 Thread 0x00000000136de000 nmethod 1449 0x0000000002a72450 code [0x0000000002a725c0, 0x0000000002a727e8]
Event: 46.171 Thread 0x00000000136de000 1450       3       java.nio.Buffer::nextGetIndex (38 bytes)
Event: 46.171 Thread 0x00000000136de000 nmethod 1450 0x0000000002a71fd0 code [0x0000000002a72140, 0x0000000002a72368]
Event: 46.192 Thread 0x00000000136dd000 nmethod 1448 0x0000000002a7ced0 code [0x0000000002a7d1a0, 0x0000000002a7e430]
Event: 46.220 Thread 0x00000000136de000 1451       3       com.badlogic.gdx.math.Rectangle::set (23 bytes)
Event: 46.221 Thread 0x00000000136de000 nmethod 1451 0x0000000002a71c90 code [0x0000000002a71de0, 0x0000000002a71f50]
Event: 46.288 Thread 0x00000000136de000 1452       3       com.game.mariobros.sprites.items.Item::draw (13 bytes)
Event: 46.289 Thread 0x00000000136de000 nmethod 1452 0x0000000002a7c890 code [0x0000000002a7ca20, 0x0000000002a7cd58]
Event: 46.437 Thread 0x00000000136de000 1453       3       org.lwjgl.opengl.WindowsKeyboard::isKeyPressed (13 bytes)
Event: 46.438 Thread 0x00000000136de000 nmethod 1453 0x0000000002a7c510 code [0x0000000002a7c660, 0x0000000002a7c7f0]

GC Heap History (8 events):
Event: 2.458 GC heap before
{Heap before GC invocations=1 (full 0):
 PSYoungGen      total 9728K, used 8704K [0x00000000f5e00000, 0x00000000f6880000, 0x0000000100000000)
  eden space 8704K, 100% used [0x00000000f5e00000,0x00000000f6680000,0x00000000f6680000)
  from space 1024K, 0% used [0x00000000f6780000,0x00000000f6780000,0x00000000f6880000)
  to   space 1024K, 0% used [0x00000000f6680000,0x00000000f6680000,0x00000000f6780000)
 ParOldGen       total 22016K, used 0K [0x00000000e1a00000, 0x00000000e2f80000, 0x00000000f5e00000)
  object space 22016K, 0% used [0x00000000e1a00000,0x00000000e1a00000,0x00000000e2f80000)
 Metaspace       used 5045K, capacity 5536K, committed 5760K, reserved 1056768K
  class space    used 540K, capacity 592K, committed 640K, reserved 1048576K
Event: 2.465 GC heap after
Heap after GC invocations=1 (full 0):
 PSYoungGen      total 9728K, used 1004K [0x00000000f5e00000, 0x00000000f6880000, 0x0000000100000000)
  eden space 8704K, 0% used [0x00000000f5e00000,0x00000000f5e00000,0x00000000f6680000)
  from space 1024K, 98% used [0x00000000f6680000,0x00000000f677b328,0x00000000f6780000)
  to   space 1024K, 0% used [0x00000000f6780000,0x00000000f6780000,0x00000000f6880000)
 ParOldGen       total 22016K, used 517K [0x00000000e1a00000, 0x00000000e2f80000, 0x00000000f5e00000)
  object space 22016K, 2% used [0x00000000e1a00000,0x00000000e1a81710,0x00000000e2f80000)
 Metaspace       used 5045K, capacity 5536K, committed 5760K, reserved 1056768K
  class space    used 540K, capacity 592K, committed 640K, reserved 1048576K
}
Event: 3.772 GC heap before
{Heap before GC invocations=2 (full 0):
 PSYoungGen      total 9728K, used 9424K [0x00000000f5e00000, 0x00000000f6880000, 0x0000000100000000)
  eden space 8704K, 96% used [0x00000000f5e00000,0x00000000f6638ff8,0x00000000f6680000)
  from space 1024K, 98% used [0x00000000f6680000,0x00000000f677b328,0x00000000f6780000)
  to   space 1024K, 0% used [0x00000000f6780000,0x00000000f6780000,0x00000000f6880000)
 ParOldGen       total 22016K, used 517K [0x00000000e1a00000, 0x00000000e2f80000, 0x00000000f5e00000)
  object space 22016K, 2% used [0x00000000e1a00000,0x00000000e1a81710,0x00000000e2f80000)
 Metaspace       used 7182K, capacity 7315K, committed 7424K, reserved 1056768K
  class space    used 679K, capacity 720K, committed 768K, reserved 1048576K
Event: 3.780 GC heap after
Heap after GC invocations=2 (full 0):
 PSYoungGen      total 9728K, used 1006K [0x00000000f5e00000, 0x00000000f6880000, 0x0000000100000000)
  eden space 8704K, 0% used [0x00000000f5e00000,0x00000000f5e00000,0x00000000f6680000)
  from space 1024K, 98% used [0x00000000f6780000,0x00000000f687b8b0,0x00000000f6880000)
  to   space 1024K, 0% used [0x00000000f6680000,0x00000000f6680000,0x00000000f6780000)
 ParOldGen       total 22016K, used 1868K [0x00000000e1a00000, 0x00000000e2f80000, 0x00000000f5e00000)
  object space 22016K, 8% used [0x00000000e1a00000,0x00000000e1bd33e8,0x00000000e2f80000)
 Metaspace       used 7182K, capacity 7315K, committed 7424K, reserved 1056768K
  class space    used 679K, capacity 720K, committed 768K, reserved 1048576K
}
Event: 4.216 GC heap before
{Heap before GC invocations=3 (full 0):
 PSYoungGen      total 9728K, used 9710K [0x00000000f5e00000, 0x00000000f6880000, 0x0000000100000000)
  eden space 8704K, 100% used [0x00000000f5e00000,0x00000000f6680000,0x00000000f6680000)
  from space 1024K, 98% used [0x00000000f6780000,0x00000000f687b8b0,0x00000000f6880000)
  to   space 1024K, 0% used [0x00000000f6680000,0x00000000f6680000,0x00000000f6780000)
 ParOldGen       total 22016K, used 1868K [0x00000000e1a00000, 0x00000000e2f80000, 0x00000000f5e00000)
  object space 22016K, 8% used [0x00000000e1a00000,0x00000000e1bd33e8,0x00000000e2f80000)
 Metaspace       used 8464K, capacity 8607K, committed 8832K, reserved 1056768K
  class space    used 824K, capacity 852K, committed 896K, reserved 1048576K
Event: 4.233 GC heap after
Heap after GC invocations=3 (full 0):
 PSYoungGen      total 9728K, used 1019K [0x00000000f5e00000, 0x00000000f7100000, 0x0000000100000000)
  eden space 8704K, 0% used [0x00000000f5e00000,0x00000000f5e00000,0x00000000f6680000)
  from space 1024K, 99% used [0x00000000f6680000,0x00000000f677ec60,0x00000000f6780000)
  to   space 1024K, 0% used [0x00000000f7000000,0x00000000f7000000,0x00000000f7100000)
 ParOldGen       total 22016K, used 5408K [0x00000000e1a00000, 0x00000000e2f80000, 0x00000000f5e00000)
  object space 22016K, 24% used [0x00000000e1a00000,0x00000000e1f48108,0x00000000e2f80000)
 Metaspace       used 8464K, capacity 8607K, committed 8832K, reserved 1056768K
  class space    used 824K, capacity 852K, committed 896K, reserved 1048576K
}
Event: 29.467 GC heap before
{Heap before GC invocations=4 (full 0):
 PSYoungGen      total 9728K, used 9723K [0x00000000f5e00000, 0x00000000f7100000, 0x0000000100000000)
  eden space 8704K, 100% used [0x00000000f5e00000,0x00000000f6680000,0x00000000f6680000)
  from space 1024K, 99% used [0x00000000f6680000,0x00000000f677ec60,0x00000000f6780000)
  to   space 1024K, 0% used [0x00000000f7000000,0x00000000f7000000,0x00000000f7100000)
 ParOldGen       total 22016K, used 5408K [0x00000000e1a00000, 0x00000000e2f80000, 0x00000000f5e00000)
  object space 22016K, 24% used [0x00000000e1a00000,0x00000000e1f48108,0x00000000e2f80000)
 Metaspace       used 9632K, capacity 9791K, committed 9984K, reserved 1058816K
  class space    used 903K, capacity 948K, committed 1024K, reserved 1048576K
Event: 29.477 GC heap after
Heap after GC invocations=4 (full 0):
 PSYoungGen      total 18432K, used 1006K [0x00000000f5e00000, 0x00000000f7100000, 0x0000000100000000)
  eden space 17408K, 0% used [0x00000000f5e00000,0x00000000f5e00000,0x00000000f6f00000)
  from space 1024K, 98% used [0x00000000f7000000,0x00000000f70fb890,0x00000000f7100000)
  to   space 1024K, 0% used [0x00000000f6f00000,0x00000000f6f00000,0x00000000f7000000)
 ParOldGen       total 22016K, used 7148K [0x00000000e1a00000, 0x00000000e2f80000, 0x00000000f5e00000)
  object space 22016K, 32% used [0x00000000e1a00000,0x00000000e20fb288,0x00000000e2f80000)
 Metaspace       used 9632K, capacity 9791K, committed 9984K, reserved 1058816K
  class space    used 903K, capacity 948K, committed 1024K, reserved 1048576K
}

Deoptimization events (10 events):
Event: 4.094 Thread 0x00000000153ab800 Uncommon trap: reason=unstable_if action=reinterpret pc=0x0000000002731b7c method=sun.misc.MetaIndex.mayContain(Ljava/lang/String;)Z @ 38
Event: 4.097 Thread 0x00000000153ab800 Uncommon trap: reason=unstable_if action=reinterpret pc=0x0000000002726d40 method=sun.misc.MetaIndex.mayContain(Ljava/lang/String;)Z @ 38
Event: 4.341 Thread 0x00000000153ab800 Uncommon trap: reason=unstable_if action=reinterpret pc=0x000000000280dd3c method=java.util.StringTokenizer.scanToken(I)I @ 7
Event: 4.341 Thread 0x00000000153ab800 Uncommon trap: reason=unstable_if action=reinterpret pc=0x0000000002810628 method=java.util.StringTokenizer.skipDelimiters(I)I @ 29
Event: 4.370 Thread 0x00000000153ab800 Uncommon trap: reason=unstable_if action=reinterpret pc=0x00000000028045fc method=java.util.StringTokenizer.scanToken(I)I @ 7
Event: 9.267 Thread 0x00000000153ab800 Uncommon trap: reason=unstable_if action=reinterpret pc=0x00000000028debb4 method=com.badlogic.gdx.utils.Array.iterator()Ljava/util/Iterator; @ 20
Event: 9.267 Thread 0x00000000153ab800 Uncommon trap: reason=unstable_if action=reinterpret pc=0x00000000028e3b20 method=com.badlogic.gdx.utils.Array$ArrayIterable.iterator()Ljava/util/Iterator; @ 26
Event: 9.267 Thread 0x00000000153ab800 Uncommon trap: reason=unstable_if action=reinterpret pc=0x00000000028daaf8 method=com.badlogic.gdx.physics.box2d.Fixture.getShape()Lcom/badlogic/gdx/physics/box2d/Shape; @ 4
Event: 28.244 Thread 0x00000000153ab800 Uncommon trap: reason=unstable_if action=reinterpret pc=0x0000000002a4d278 method=com.game.mariobros.sprites.enemies.Goomba.update(F)V @ 14
Event: 28.246 Thread 0x00000000153ab800 Uncommon trap: reason=unstable_if action=reinterpret pc=0x0000000002a504e8 method=com.game.mariobros.sprites.enemies.Goomba.draw(Lcom/badlogic/gdx/graphics/g2d/Batch;)V @ 4

Classes redefined (0 events):
No events

Internal exceptions (10 events):
Event: 1.483 Thread 0x0000000002444000 Exception <a 'java/security/PrivilegedActionException'> (0x00000000f61a4e68) thrown at [C:\re\workspace\8-2-build-windows-amd64-cygwin\jdk8u221\13320\hotspot\src\share\vm\prims\jvm.cpp, line 1502]
Event: 2.164 Thread 0x0000000002444000 Exception <a 'java/security/PrivilegedActionException'> (0x00000000f63fa838) thrown at [C:\re\workspace\8-2-build-windows-amd64-cygwin\jdk8u221\13320\hotspot\src\share\vm\prims\jvm.cpp, line 1502]
Event: 2.164 Thread 0x0000000002444000 Exception <a 'java/security/PrivilegedActionException'> (0x00000000f63fc510) thrown at [C:\re\workspace\8-2-build-windows-amd64-cygwin\jdk8u221\13320\hotspot\src\share\vm\prims\jvm.cpp, line 1502]
Event: 2.165 Thread 0x0000000002444000 Exception <a 'java/security/PrivilegedActionException'> (0x00000000f63fd680) thrown at [C:\re\workspace\8-2-build-windows-amd64-cygwin\jdk8u221\13320\hotspot\src\share\vm\prims\jvm.cpp, line 1502]
Event: 2.167 Thread 0x0000000002444000 Exception <a 'java/security/PrivilegedActionException'> (0x00000000f6402bc0) thrown at [C:\re\workspace\8-2-build-windows-amd64-cygwin\jdk8u221\13320\hotspot\src\share\vm\prims\jvm.cpp, line 1502]
Event: 2.167 Thread 0x0000000002444000 Exception <a 'java/security/PrivilegedActionException'> (0x00000000f6403818) thrown at [C:\re\workspace\8-2-build-windows-amd64-cygwin\jdk8u221\13320\hotspot\src\share\vm\prims\jvm.cpp, line 1502]
Event: 2.167 Thread 0x0000000002444000 Exception <a 'java/security/PrivilegedActionException'> (0x00000000f6404440) thrown at [C:\re\workspace\8-2-build-windows-amd64-cygwin\jdk8u221\13320\hotspot\src\share\vm\prims\jvm.cpp, line 1502]
Event: 9.267 Thread 0x00000000153ab800 Implicit null exception at 0x00000000028de698 to 0x00000000028deb8d
Event: 9.267 Thread 0x00000000153ab800 Implicit null exception at 0x00000000028e3aa4 to 0x00000000028e3b0d
Event: 9.267 Thread 0x00000000153ab800 Implicit null exception at 0x00000000028d8100 to 0x00000000028daaed

Events (10 events):
Event: 29.467 Executing VM operation: ParallelGCFailedAllocation
Event: 29.477 Executing VM operation: ParallelGCFailedAllocation done
Event: 29.477 Executing VM operation: RevokeBias
Event: 29.477 Executing VM operation: RevokeBias done
Event: 29.478 Executing VM operation: RevokeBias
Event: 29.478 Executing VM operation: RevokeBias done
Event: 29.478 Executing VM operation: RevokeBias
Event: 29.478 Executing VM operation: RevokeBias done
Event: 32.798 loading class com/game/mariobros/sprites/tileObjectes/Brick$1
Event: 32.798 loading class com/game/mariobros/sprites/tileObjectes/Brick$1 done


Dynamic libraries:
0x00007ff68ce90000 - 0x00007ff68cec7000 	C:\Program Files\Java\jdk1.8.0_221\bin\java.exe
0x00007fffa2740000 - 0x00007fffa28ec000 	C:\Windows\SYSTEM32\ntdll.dll
0x00007fffa0720000 - 0x00007fffa085e000 	C:\Windows\system32\KERNEL32.DLL
0x00007fff9fca0000 - 0x00007fff9fdb5000 	C:\Windows\system32\KERNELBASE.dll
0x00007fff9e2c0000 - 0x00007fff9e34e000 	C:\Windows\system32\apphelp.dll
0x00007fff93370000 - 0x00007fff933c3000 	C:\Windows\AppPatch\AppPatch64\AcGenral.DLL
0x00007fff9fdc0000 - 0x00007fff9fe6a000 	C:\Windows\system32\msvcrt.dll
0x00007fff9f720000 - 0x00007fff9f74e000 	C:\Windows\SYSTEM32\SspiCli.dll
0x00007fffa0a10000 - 0x00007fffa0a64000 	C:\Windows\system32\SHLWAPI.dll
0x00007fffa05a0000 - 0x00007fffa0717000 	C:\Windows\system32\USER32.dll
0x00007fffa0400000 - 0x00007fffa0594000 	C:\Windows\system32\ole32.dll
0x00007fffa0f90000 - 0x00007fffa24a9000 	C:\Windows\system32\SHELL32.dll
0x00007fff9ed50000 - 0x00007fff9ed71000 	C:\Windows\SYSTEM32\USERENV.dll
0x00007fffa2670000 - 0x00007fffa271a000 	C:\Windows\system32\ADVAPI32.dll
0x00007fff979a0000 - 0x00007fff979be000 	C:\Windows\SYSTEM32\MPR.dll
0x00007fffa0170000 - 0x00007fffa02b1000 	C:\Windows\system32\RPCRT4.dll
0x00007fffa0f20000 - 0x00007fffa0f79000 	C:\Windows\SYSTEM32\sechost.dll
0x00007fffa0a70000 - 0x00007fffa0c81000 	C:\Windows\SYSTEM32\combase.dll
0x00007fffa24b0000 - 0x00007fffa2601000 	C:\Windows\system32\GDI32.dll
0x00007fff9f880000 - 0x00007fff9f895000 	C:\Windows\SYSTEM32\profapi.dll
0x00007fff9dc90000 - 0x00007fff9dd42000 	C:\Windows\SYSTEM32\SHCORE.dll
0x00007fffa0130000 - 0x00007fffa0166000 	C:\Windows\system32\IMM32.DLL
0x00007fffa0d50000 - 0x00007fffa0ea3000 	C:\Windows\system32\MSCTF.dll
0x00007fff9d4b0000 - 0x00007fff9d72b000 	C:\Windows\WinSxS\amd64_microsoft.windows.common-controls_6595b64144ccf1df_6.0.9600.17415_none_6240486fecbd8abb\COMCTL32.dll
0x00007fff9f610000 - 0x00007fff9f707000 	C:\Windows\system32\guard64.dll
0x00007fff9f3c0000 - 0x00007fff9f3ca000 	C:\Windows\system32\version.dll
0x00007fff9f350000 - 0x00007fff9f35a000 	C:\Windows\system32\fltlib.dll
0x000000006d9c0000 - 0x000000006da92000 	C:\Program Files\Java\jdk1.8.0_221\jre\bin\msvcr100.dll
0x000000006d110000 - 0x000000006d9b5000 	C:\Program Files\Java\jdk1.8.0_221\jre\bin\server\jvm.dll
0x00007fff957f0000 - 0x00007fff957f9000 	C:\Windows\SYSTEM32\WSOCK32.dll
0x00007fff97a40000 - 0x00007fff97a62000 	C:\Windows\SYSTEM32\WINMM.dll
0x00007fffa0330000 - 0x00007fffa0337000 	C:\Windows\system32\PSAPI.DLL
0x00007fffa0eb0000 - 0x00007fffa0f0a000 	C:\Windows\system32\WS2_32.dll
0x00007fff97830000 - 0x00007fff9785a000 	C:\Windows\SYSTEM32\WINMMBASE.dll
0x00007fffa0f10000 - 0x00007fffa0f19000 	C:\Windows\system32\NSI.dll
0x00007fff9fbf0000 - 0x00007fff9fc3f000 	C:\Windows\SYSTEM32\cfgmgr32.dll
0x00007fff9e510000 - 0x00007fff9e538000 	C:\Windows\SYSTEM32\DEVOBJ.dll
0x00007fff94ca0000 - 0x00007fff94caf000 	C:\Program Files\Java\jdk1.8.0_221\jre\bin\verify.dll
0x00007fff938f0000 - 0x00007fff93919000 	C:\Program Files\Java\jdk1.8.0_221\jre\bin\java.dll
0x00007fff89500000 - 0x00007fff89523000 	C:\Program Files\Java\jdk1.8.0_221\jre\bin\instrument.dll
0x00007fff93790000 - 0x00007fff937a6000 	C:\Program Files\Java\jdk1.8.0_221\jre\bin\zip.dll
0x00007fff93350000 - 0x00007fff9336a000 	C:\Program Files\JetBrains\IntelliJ IDEA Community Edition 2019.1.3\bin\breakgen64.dll
0x00007fff88ba0000 - 0x00007fff88bba000 	C:\Program Files\Java\jdk1.8.0_221\jre\bin\net.dll
0x00007fff98a40000 - 0x00007fff98bc6000 	C:\Windows\SYSTEM32\urlmon.dll
0x00007fff98770000 - 0x00007fff98a37000 	C:\Windows\SYSTEM32\iertutil.dll
0x00007fff98520000 - 0x00007fff9876b000 	C:\Windows\SYSTEM32\WININET.dll
0x00007fff9f040000 - 0x00007fff9f099000 	C:\Windows\system32\mswsock.dll
0x0000000065ac0000 - 0x0000000065b0b000 	C:\Users\Neemias\AppData\Local\Temp\libgdxNeemias\7d76f548\gdx64.dll
0x00007fff9f0a0000 - 0x00007fff9f0c0000 	C:\Windows\SYSTEM32\CRYPTSP.dll
0x00007fff9ec60000 - 0x00007fff9ec96000 	C:\Windows\system32\rsaenh.dll
0x00007fff9f390000 - 0x00007fff9f3b6000 	C:\Windows\SYSTEM32\bcrypt.dll
0x00007fff9f750000 - 0x00007fff9f7b3000 	C:\Windows\system32\bcryptprimitives.dll
0x00007fff9f7c0000 - 0x00007fff9f7cb000 	C:\Windows\SYSTEM32\CRYPTBASE.dll
0x00007fff9a5a0000 - 0x00007fff9a5ca000 	C:\Windows\SYSTEM32\IPHLPAPI.DLL
0x00007fff9a550000 - 0x00007fff9a55a000 	C:\Windows\SYSTEM32\WINNSI.DLL
0x00007fff99c70000 - 0x00007fff99c86000 	C:\Windows\SYSTEM32\dhcpcsvc6.DLL
0x00007fff9a120000 - 0x00007fff9a13a000 	C:\Windows\SYSTEM32\dhcpcsvc.DLL
0x00007fff88b40000 - 0x00007fff88b52000 	C:\Program Files\Java\jdk1.8.0_221\jre\bin\nio.dll
0x0000000180000000 - 0x0000000180053000 	C:\Users\Neemias\AppData\Local\Temp\libgdxNeemias\1cecf4f6\lwjgl64.dll
0x00007fff8d2c0000 - 0x00007fff8d3eb000 	C:\Windows\SYSTEM32\OPENGL32.dll
0x00007fff8d290000 - 0x00007fff8d2be000 	C:\Windows\SYSTEM32\GLU32.dll
0x00007fff8d060000 - 0x00007fff8d158000 	C:\Windows\SYSTEM32\DDRAW.dll
0x00007fff8d570000 - 0x00007fff8d579000 	C:\Windows\SYSTEM32\DCIMAN32.dll
0x00000000022b0000 - 0x0000000002314000 	C:\Users\Neemias\AppData\Local\Temp\libgdxNeemias\1cecf4f6\OpenAL64.dll
0x00007fff9e540000 - 0x00007fff9e54b000 	C:\Windows\SYSTEM32\kernel.appcore.dll
0x00007fff9e3e0000 - 0x00007fff9e509000 	C:\Windows\system32\uxtheme.dll
0x00007fffa0340000 - 0x00007fffa03f6000 	C:\Windows\SYSTEM32\clbcatq.dll
0x00007fff88440000 - 0x00007fff884dd000 	C:\Windows\SYSTEM32\dsound.dll
0x00007fff9ed80000 - 0x00007fff9edc6000 	C:\Windows\SYSTEM32\POWRPROF.dll
0x00007fff9d0b0000 - 0x00007fff9d120000 	C:\Windows\System32\MMDevApi.dll
0x00007fff8cda0000 - 0x00007fff8ce1e000 	C:\Windows\SYSTEM32\AUDIOSES.DLL
0x00007fff9fe80000 - 0x00007fff9ff41000 	C:\Windows\system32\OLEAUT32.dll
0x00007fff9da90000 - 0x00007fff9dab1000 	C:\Windows\system32\dwmapi.dll
0x00007fff796a0000 - 0x00007fff79ed1000 	C:\Windows\SYSTEM32\ig7icd64.dll
0x00007fff9cc40000 - 0x00007fff9d0a5000 	C:\Windows\SYSTEM32\igdusc64.dll
0x00007fff9ab70000 - 0x00007fff9ab82000 	C:\Windows\SYSTEM32\WTSAPI32.dll
0x00007fff87d90000 - 0x00007fff87e22000 	C:\Windows\SYSTEM32\mscms.dll
0x00007fff88580000 - 0x00007fff885c1000 	C:\Windows\SYSTEM32\icm32.dll
0x000000006e9c0000 - 0x000000006ea1b000 	C:\Users\Neemias\AppData\Local\Temp\libgdxNeemias\b8f13a6a\gdx-box2d64.dll
0x00007fff86430000 - 0x00007fff865ba000 	C:\Windows\SYSTEM32\dbghelp.dll

VM Arguments:
jvm_args: -javaagent:C:\Program Files\JetBrains\IntelliJ IDEA Community Edition 2019.1.3\lib\idea_rt.jar=3716:C:\Program Files\JetBrains\IntelliJ IDEA Community Edition 2019.1.3\bin -Dfile.encoding=UTF-8 
java_command: com.game.mariobros.desktop.DesktopLauncher
java_class_path (initial): C:\Program Files\Java\jdk1.8.0_221\jre\lib\charsets.jar;C:\Program Files\Java\jdk1.8.0_221\jre\lib\deploy.jar;C:\Program Files\Java\jdk1.8.0_221\jre\lib\ext\access-bridge-64.jar;C:\Program Files\Java\jdk1.8.0_221\jre\lib\ext\cldrdata.jar;C:\Program Files\Java\jdk1.8.0_221\jre\lib\ext\dnsns.jar;C:\Program Files\Java\jdk1.8.0_221\jre\lib\ext\jaccess.jar;C:\Program Files\Java\jdk1.8.0_221\jre\lib\ext\jfxrt.jar;C:\Program Files\Java\jdk1.8.0_221\jre\lib\ext\localedata.jar;C:\Program Files\Java\jdk1.8.0_221\jre\lib\ext\nashorn.jar;C:\Program Files\Java\jdk1.8.0_221\jre\lib\ext\sunec.jar;C:\Program Files\Java\jdk1.8.0_221\jre\lib\ext\sunjce_provider.jar;C:\Program Files\Java\jdk1.8.0_221\jre\lib\ext\sunmscapi.jar;C:\Program Files\Java\jdk1.8.0_221\jre\lib\ext\sunpkcs11.jar;C:\Program Files\Java\jdk1.8.0_221\jre\lib\ext\zipfs.jar;C:\Program Files\Java\jdk1.8.0_221\jre\lib\javaws.jar;C:\Program Files\Java\jdk1.8.0_221\jre\lib\jce.jar;C:\Program Files\Java\jdk1.8.0_221\jre\lib\jfr.jar;C:\Program Files\Java\jdk1.8.0_221\jre\lib\jfxswt.jar;C:\Program Files\Java\jdk1.8.0_221\jre\lib\jsse.jar;C:\Program Files\Java\jdk1.8.0_221\jre\lib\management-agent.jar;C:\Program Files\Java\jdk1.8.0_221\jre\lib\plugin.jar;C:\Program Files\Java\jdk1.8.0_221\jre\lib\resources.jar;C:\Program Files\Java\jdk1.8.0_221\jre\lib\rt.jar;C:\Users\Neemias\Documents\LibGdx\Games\MarioBros\desktop\build\classes\java\main;C:\Users\Neemias\Documents\LibGdx\Games\MarioBros\core\build\classes\java\main;C:\Users\Neemias\.gradle\caches\modules-2\files-2.1\com.badlogicgames.gdx\gdx-backend-lwjgl\1.9.10\8f88abd43500d94c486d25f04d642318da72773a\gdx-backend-lwjgl-1.9.10.jar;C:\Users\Neemias\.gradle\caches\modules-2\files-2.1\com.badlogicgames.gdx\gdx-platform\1.9.10\1907b49f8363dd1ee37d273854a9cc3c741a6e66\gdx-platform-1.9.10-natives-desktop.jar;C:\Users\Neemias\.gradle\caches\modules-2\files-2.1\com.badlogicgames.gdx\gdx-box2d-platform\1.9.10\91b19c283b24eec646a18e0e7b940c829920df4f\gdx
Launcher Type: SUN_STANDARD

Environment Variables:
PATH=C:\Program Files\JetBrains\IntelliJ IDEA Community Edition 2019.1.3\jre64\\bin;C:\Program Files\JetBrains\IntelliJ IDEA Community Edition 2019.1.3\jre64\\bin\server;C:\Windows\system32;C:\Windows;C:\Windows\System32\Wbem;C:\Windows\System32\WindowsPowerShell\v1.0\;C:\Program Files\Git\cmd;C:\metasploit-framework\bin;C:\Program Files\nodejs\;C:\MinGW\bin;C:\ProgramData\chocolatey\bin;C:\Program Files\Java\jdk-13.0.1\bin;C:\Program Files\PostgreSQL\10\bin;C:\Users\Neemias\AppData\Local\Programs\Python\Python37-32\Scripts\;C:\Users\Neemias\AppData\Local\Programs\Python\Python37-32\;C:\Ruby25-x64\bin;C:\Program Files\Notepad++;C:\Users\Neemias\AppData\Roaming\npm;C:\Program Files\JetBrains\IntelliJ IDEA Community Edition 2019.1.3\bin;C:\Program Files\Apktool\bin;C:\Program Files (x86)\Nmap;C:\Users\Neemias\AppData\Local\Programs\Microsoft VS Code\bin
USERNAME=Neemias
OS=Windows_NT
PROCESSOR_IDENTIFIER=Intel64 Family 6 Model 55 Stepping 8, GenuineIntel



---------------  S Y S T E M  ---------------

OS: Windows 8.1 , 64 bit Build 9600 (6.3.9600.17415)

CPU:total 2 (initial active 2) (2 cores per cpu, 1 threads per core) family 6 model 55 stepping 8, cmov, cx8, fxsr, mmx, sse, sse2, sse3, ssse3, sse4.1, sse4.2, popcnt, clmul, erms, 3dnowpref, tsc, tscinvbit

Memory: 4k page, physical 1983608k(67468k free), swap 4820724k(781564k free)

vm_info: Java HotSpot(TM) 64-Bit Server VM (25.221-b11) for windows-amd64 JRE (1.8.0_221-b11), built on Jul  4 2019 04:39:29 by "java_re" with MS VC++ 10.0 (VS2010)

time: Sat Nov 23 21:51:11 2019
timezone: Hora oficial do Brasil
elapsed time: 46 seconds (0d 0h 0m 46s)

